INFO:main:started ipypublish v0.6.7 at Tue Feb 19 04:07:24 2019
INFO:main:logging to: C:\Users\rahon\Dropbox (Princeton)\Projects\psipypublish\template\converted\template.nbpub.log
INFO:main:running for ipynb(s) at: template.ipynb
INFO:main:with conversion: latex_ipypublish_main
INFO:nbmerge:Reading notebook
INFO:main:getting output format from exporter plugin
INFO:nbexport:running nbconvert
INFO:split_outputs:splitting outputs into separate cells
INFO:latex_doc_links:resolving external file paths in ipub metadata to: template.ipynb
WARNING:latex_doc_links:bib in metadata does not exist: C:\Users\rahon\Dropbox (Princeton)\Projects\psipypublish\template\ExampleBib
INFO:latex_doc_captions:extracting caption cells
INFO:main:outputting converted file to: C:\Users\rahon\Dropbox (Princeton)\Projects\psipypublish\template\converted\template.tex
INFO:main:dumping external files to: C:\Users\rahon\Dropbox (Princeton)\Projects\psipypublish\template\converted\template_files
INFO:main:running pdf conversion
INFO:pdfexport:running: latexmk -xelatex -bibtex -pdf <outpath>
INFO:pdfexport:latexmk: latexmk: warning: running with administrator privileges
INFO:pdfexport:latexmk: Latexmk: This is Latexmk, John Collins, 25 October 2018, version: 4.61.
INFO:pdfexport:latexmk: Rule 'pdflatex': File changes, etc:
INFO:pdfexport:latexmk: Changed files, or newly in use since previous run(s):
INFO:pdfexport:latexmk: 'template.aux'
INFO:pdfexport:latexmk: ------------
INFO:pdfexport:latexmk: Run number 1 of rule 'pdflatex'
INFO:pdfexport:latexmk: ------------
INFO:pdfexport:latexmk: ------------
INFO:pdfexport:latexmk: Running 'pdflatex  -recorder  "C:\Users\rahon\Dropbox (Princeton)\Projects\psipypublish\template\converted\template.tex"'
INFO:pdfexport:latexmk: ------------
INFO:pdfexport:latexmk: Latexmk: applying rule 'pdflatex'...
INFO:pdfexport:latexmk: pdflatex: warning: running with administrator privileges
INFO:pdfexport:latexmk: This is pdfTeX, Version 3.14159265-2.6-1.40.19 (MiKTeX 2.9.6630 64-bit)
INFO:pdfexport:latexmk: entering extended mode
INFO:pdfexport:latexmk: 
INFO:pdfexport:latexmk: ("C:/Users/rahon/Dropbox (Princeton)/Projects/psipypublish/template/converted/t
INFO:pdfexport:latexmk: emplate.tex"
INFO:pdfexport:latexmk: LaTeX2e <2017-04-15>
INFO:pdfexport:latexmk: Babel <3.18> and hyphenation patterns for 75 language(s) loaded.
INFO:pdfexport:latexmk: (C:\Users\rahon\AppData\Roaming\MiKTeX\2.9\tex\latex\koma-script\scrartcl.cls
INFO:pdfexport:latexmk: Document Class: scrartcl 2018/03/30 v3.25 KOMA-Script document class (article)
INFO:pdfexport:latexmk: (C:\Users\rahon\AppData\Roaming\MiKTeX\2.9\tex\latex\koma-script\scrkbase.sty
INFO:pdfexport:latexmk: (C:\Users\rahon\AppData\Roaming\MiKTeX\2.9\tex\latex\koma-script\scrbase.sty
INFO:pdfexport:latexmk: ("C:\Program Files\MiKTeX 2.9\tex\latex\graphics\keyval.sty")
INFO:pdfexport:latexmk: (C:\Users\rahon\AppData\Roaming\MiKTeX\2.9\tex\latex\koma-script\scrlfile.sty))
INFO:pdfexport:latexmk: ) (C:\Users\rahon\AppData\Roaming\MiKTeX\2.9\tex\latex\koma-script\tocbasic.sty
INFO:pdfexport:latexmk: )
INFO:pdfexport:latexmk: (C:\Users\rahon\AppData\Roaming\MiKTeX\2.9\tex\latex\koma-script\scrsize10pt.cl
INFO:pdfexport:latexmk: o)
INFO:pdfexport:latexmk: (C:\Users\rahon\AppData\Roaming\MiKTeX\2.9\tex\latex\koma-script\typearea.sty))
INFO:pdfexport:latexmk: ("C:\Program Files\MiKTeX 2.9\tex\latex\base\fontenc.sty"
INFO:pdfexport:latexmk: ("C:\Program Files\MiKTeX 2.9\tex\latex\base\t1enc.def"))
INFO:pdfexport:latexmk: ("C:\Program Files\MiKTeX 2.9\tex\latex\psnfss\mathpazo.sty")
INFO:pdfexport:latexmk: ("C:\Program Files\MiKTeX 2.9\tex\latex\graphics\graphicx.sty"
INFO:pdfexport:latexmk: ("C:\Program Files\MiKTeX 2.9\tex\latex\graphics\graphics.sty"
INFO:pdfexport:latexmk: ("C:\Program Files\MiKTeX 2.9\tex\latex\graphics\trig.sty")
INFO:pdfexport:latexmk: ("C:\Program Files\MiKTeX 2.9\tex\latex\graphics-cfg\graphics.cfg")
INFO:pdfexport:latexmk: ("C:\Program Files\MiKTeX 2.9\tex\latex\graphics-def\pdftex.def")))
INFO:pdfexport:latexmk: (C:\Users\rahon\AppData\Roaming\MiKTeX\2.9\tex\latex\caption\caption.sty
INFO:pdfexport:latexmk: (C:\Users\rahon\AppData\Roaming\MiKTeX\2.9\tex\latex\caption\caption3.sty))
INFO:pdfexport:latexmk: (C:\Users\rahon\AppData\Roaming\MiKTeX\2.9\tex\latex\adjustbox\adjustbox.sty
INFO:pdfexport:latexmk: ("C:\Program Files\MiKTeX 2.9\tex\latex\xkeyval\xkeyval.sty"
INFO:pdfexport:latexmk: ("C:\Program Files\MiKTeX 2.9\tex\generic\xkeyval\xkeyval.tex"
INFO:pdfexport:latexmk: ("C:\Program Files\MiKTeX 2.9\tex\generic\xkeyval\xkvutils.tex")))
INFO:pdfexport:latexmk: (C:\Users\rahon\AppData\Roaming\MiKTeX\2.9\tex\latex\adjustbox\adjcalc.sty)
INFO:pdfexport:latexmk: (C:\Users\rahon\AppData\Roaming\MiKTeX\2.9\tex\latex\adjustbox\trimclip.sty
INFO:pdfexport:latexmk: (C:\Users\rahon\AppData\Roaming\MiKTeX\2.9\tex\latex\collectbox\collectbox.sty)
INFO:pdfexport:latexmk: (C:\Users\rahon\AppData\Roaming\MiKTeX\2.9\tex\latex\adjustbox\tc-pdftex.def))
INFO:pdfexport:latexmk: (C:\Users\rahon\AppData\Roaming\MiKTeX\2.9\tex\latex\ifoddpage\ifoddpage.sty)
INFO:pdfexport:latexmk: ("C:\Program Files\MiKTeX 2.9\tex\latex\ltxmisc\varwidth.sty"))
INFO:pdfexport:latexmk: (C:\Users\rahon\AppData\Roaming\MiKTeX\2.9\tex\latex\xcolor\xcolor.sty
INFO:pdfexport:latexmk: ("C:\Program Files\MiKTeX 2.9\tex\latex\graphics-cfg\color.cfg")
INFO:pdfexport:latexmk: (C:\Users\rahon\AppData\Roaming\MiKTeX\2.9\tex\latex\colortbl\colortbl.sty
INFO:pdfexport:latexmk: ("C:\Program Files\MiKTeX 2.9\tex\latex\tools\array.sty")))
INFO:pdfexport:latexmk: ("C:\Program Files\MiKTeX 2.9\tex\latex\tools\enumerate.sty")
INFO:pdfexport:latexmk: ("C:\Program Files\MiKTeX 2.9\tex\latex\amsmath\amsmath.sty"
INFO:pdfexport:latexmk: For additional information on amsmath, use the `?' option.
INFO:pdfexport:latexmk: ("C:\Program Files\MiKTeX 2.9\tex\latex\amsmath\amstext.sty"
INFO:pdfexport:latexmk: ("C:\Program Files\MiKTeX 2.9\tex\latex\amsmath\amsgen.sty"))
INFO:pdfexport:latexmk: ("C:\Program Files\MiKTeX 2.9\tex\latex\amsmath\amsbsy.sty")
INFO:pdfexport:latexmk: ("C:\Program Files\MiKTeX 2.9\tex\latex\amsmath\amsopn.sty"))
INFO:pdfexport:latexmk: ("C:\Program Files\MiKTeX 2.9\tex\latex\amsfonts\amssymb.sty"
INFO:pdfexport:latexmk: ("C:\Program Files\MiKTeX 2.9\tex\latex\amsfonts\amsfonts.sty"))
INFO:pdfexport:latexmk: ("C:\Program Files\MiKTeX 2.9\tex\latex\base\textcomp.sty"
INFO:pdfexport:latexmk: ("C:\Program Files\MiKTeX 2.9\tex\latex\base\ts1enc.def"))
INFO:pdfexport:latexmk: (C:\Users\rahon\AppData\Roaming\MiKTeX\2.9\tex\latex\upquote\upquote.sty)
INFO:pdfexport:latexmk: ("C:\Program Files\MiKTeX 2.9\tex\latex\eurosym\eurosym.sty")
INFO:pdfexport:latexmk: (C:\Users\rahon\AppData\Roaming\MiKTeX\2.9\tex\latex\ucs\ucs.sty
INFO:pdfexport:latexmk: (C:\Users\rahon\AppData\Roaming\MiKTeX\2.9\tex\latex\ucs\uni-global.def))
INFO:pdfexport:latexmk: ("C:\Program Files\MiKTeX 2.9\tex\latex\base\inputenc.sty"
INFO:pdfexport:latexmk: (C:\Users\rahon\AppData\Roaming\MiKTeX\2.9\tex\latex\ucs\utf8x.def))
INFO:pdfexport:latexmk: (C:\Users\rahon\AppData\Roaming\MiKTeX\2.9\tex\latex\fancyvrb\fancyvrb.sty
INFO:pdfexport:latexmk: Style option: `fancyvrb' v2.7a, with DG/SPQR fixes, and firstline=lastline fix
INFO:pdfexport:latexmk: <2008/02/07> (tvz)) ("C:\Program Files\MiKTeX 2.9\tex\latex\oberdiek\grffile.st
INFO:pdfexport:latexmk: y" ("C:\Program Files\MiKTeX 2.9\tex\generic\oberdiek\ifpdf.sty")
INFO:pdfexport:latexmk: ("C:\Program Files\MiKTeX 2.9\tex\generic\ifxetex\ifxetex.sty")
INFO:pdfexport:latexmk: ("C:\Program Files\MiKTeX 2.9\tex\latex\oberdiek\kvoptions.sty"
INFO:pdfexport:latexmk: ("C:\Program Files\MiKTeX 2.9\tex\generic\oberdiek\ltxcmds.sty")
INFO:pdfexport:latexmk: ("C:\Program Files\MiKTeX 2.9\tex\generic\oberdiek\kvsetkeys.sty"
INFO:pdfexport:latexmk: ("C:\Program Files\MiKTeX 2.9\tex\generic\oberdiek\infwarerr.sty")
INFO:pdfexport:latexmk: ("C:\Program Files\MiKTeX 2.9\tex\generic\oberdiek\etexcmds.sty"
INFO:pdfexport:latexmk: ("C:\Program Files\MiKTeX 2.9\tex\generic\oberdiek\ifluatex.sty"))))
INFO:pdfexport:latexmk: ("C:\Program Files\MiKTeX 2.9\tex\generic\oberdiek\pdftexcmds.sty"))
INFO:pdfexport:latexmk: ("C:\Program Files\MiKTeX 2.9\tex\latex\hyperref\hyperref.sty"
INFO:pdfexport:latexmk: ("C:\Program Files\MiKTeX 2.9\tex\generic\oberdiek\hobsub-hyperref.sty"
INFO:pdfexport:latexmk: ("C:\Program Files\MiKTeX 2.9\tex\generic\oberdiek\hobsub-generic.sty"))
INFO:pdfexport:latexmk: ("C:\Program Files\MiKTeX 2.9\tex\latex\oberdiek\auxhook.sty")
INFO:pdfexport:latexmk: ("C:\Program Files\MiKTeX 2.9\tex\latex\hyperref\pd1enc.def")
INFO:pdfexport:latexmk: ("C:\Program Files\MiKTeX 2.9\tex\latex\00miktex\hyperref.cfg")
INFO:pdfexport:latexmk: (C:\Users\rahon\AppData\Roaming\MiKTeX\2.9\tex\latex\url\url.sty))
INFO:pdfexport:latexmk: ("C:\Program Files\MiKTeX 2.9\tex\latex\hyperref\hpdftex.def"
INFO:pdfexport:latexmk: ("C:\Program Files\MiKTeX 2.9\tex\latex\oberdiek\rerunfilecheck.sty"))
INFO:pdfexport:latexmk: ("C:\Program Files\MiKTeX 2.9\tex\latex\tools\longtable.sty")
INFO:pdfexport:latexmk: (C:\Users\rahon\AppData\Roaming\MiKTeX\2.9\tex\latex\booktabs\booktabs.sty)
INFO:pdfexport:latexmk: (C:\Users\rahon\AppData\Roaming\MiKTeX\2.9\tex\latex\enumitem\enumitem.sty)
INFO:pdfexport:latexmk: (C:\Users\rahon\AppData\Roaming\MiKTeX\2.9\tex\latex\ulem\ulem.sty)
INFO:pdfexport:latexmk: (C:\Users\rahon\AppData\Roaming\MiKTeX\2.9\tex\latex\translations\translations.
INFO:pdfexport:latexmk: sty (C:\Users\rahon\AppData\Roaming\MiKTeX\2.9\tex\latex\etoolbox\etoolbox.sty)
INFO:pdfexport:latexmk: ) (C:\Users\rahon\AppData\Roaming\MiKTeX\2.9\tex\latex\microtype\microtype.sty
INFO:pdfexport:latexmk: (C:\Users\rahon\AppData\Roaming\MiKTeX\2.9\tex\latex\microtype\microtype-pdftex
INFO:pdfexport:latexmk: .def)
INFO:pdfexport:latexmk: (C:\Users\rahon\AppData\Roaming\MiKTeX\2.9\tex\latex\microtype\microtype.cfg))
INFO:pdfexport:latexmk: (C:\Users\rahon\AppData\Roaming\MiKTeX\2.9\tex\latex\placeins\placeins.sty)
INFO:pdfexport:latexmk: ("C:\Program Files\MiKTeX 2.9\tex\latex\float\float.sty")
INFO:pdfexport:latexmk: (C:\Users\rahon\AppData\Roaming\MiKTeX\2.9\tex\latex\todonotes\todonotes.sty
INFO:pdfexport:latexmk: ("C:\Program Files\MiKTeX 2.9\tex\latex\base\ifthen.sty")
INFO:pdfexport:latexmk: (C:\Users\rahon\AppData\Roaming\MiKTeX\2.9\tex\latex\pgf\frontendlayer\tikz.sty
INFO:pdfexport:latexmk: (C:\Users\rahon\AppData\Roaming\MiKTeX\2.9\tex\latex\pgf\basiclayer\pgf.sty
INFO:pdfexport:latexmk: (C:\Users\rahon\AppData\Roaming\MiKTeX\2.9\tex\latex\pgf\utilities\pgfrcs.sty
INFO:pdfexport:latexmk: (C:\Users\rahon\AppData\Roaming\MiKTeX\2.9\tex\generic\pgf\utilities\pgfutil-co
INFO:pdfexport:latexmk: mmon.tex
INFO:pdfexport:latexmk: (C:\Users\rahon\AppData\Roaming\MiKTeX\2.9\tex\generic\pgf\utilities\pgfutil-co
INFO:pdfexport:latexmk: mmon-lists.tex))
INFO:pdfexport:latexmk: (C:\Users\rahon\AppData\Roaming\MiKTeX\2.9\tex\generic\pgf\utilities\pgfutil-la
INFO:pdfexport:latexmk: tex.def (C:\Users\rahon\AppData\Roaming\MiKTeX\2.9\tex\latex\ms\everyshi.sty))
INFO:pdfexport:latexmk: (C:\Users\rahon\AppData\Roaming\MiKTeX\2.9\tex\generic\pgf\utilities\pgfrcs.cod
INFO:pdfexport:latexmk: e.tex))
INFO:pdfexport:latexmk: (C:\Users\rahon\AppData\Roaming\MiKTeX\2.9\tex\latex\pgf\basiclayer\pgfcore.sty
INFO:pdfexport:latexmk: 
INFO:pdfexport:latexmk: (C:\Users\rahon\AppData\Roaming\MiKTeX\2.9\tex\latex\pgf\systemlayer\pgfsys.sty
INFO:pdfexport:latexmk: 
INFO:pdfexport:latexmk: (C:\Users\rahon\AppData\Roaming\MiKTeX\2.9\tex\generic\pgf\systemlayer\pgfsys.c
INFO:pdfexport:latexmk: ode.tex
INFO:pdfexport:latexmk: (C:\Users\rahon\AppData\Roaming\MiKTeX\2.9\tex\generic\pgf\utilities\pgfkeys.co
INFO:pdfexport:latexmk: de.tex
INFO:pdfexport:latexmk: (C:\Users\rahon\AppData\Roaming\MiKTeX\2.9\tex\generic\pgf\utilities\pgfkeysfil
INFO:pdfexport:latexmk: tered.code.tex))
INFO:pdfexport:latexmk: (C:\Users\rahon\AppData\Roaming\MiKTeX\2.9\tex\generic\pgf\systemlayer\pgf.cfg)
INFO:pdfexport:latexmk: 
INFO:pdfexport:latexmk: (C:\Users\rahon\AppData\Roaming\MiKTeX\2.9\tex\generic\pgf\systemlayer\pgfsys-p
INFO:pdfexport:latexmk: dftex.def
INFO:pdfexport:latexmk: (C:\Users\rahon\AppData\Roaming\MiKTeX\2.9\tex\generic\pgf\systemlayer\pgfsys-c
INFO:pdfexport:latexmk: ommon-pdf.def)))
INFO:pdfexport:latexmk: (C:\Users\rahon\AppData\Roaming\MiKTeX\2.9\tex\generic\pgf\systemlayer\pgfsysso
INFO:pdfexport:latexmk: ftpath.code.tex)
INFO:pdfexport:latexmk: (C:\Users\rahon\AppData\Roaming\MiKTeX\2.9\tex\generic\pgf\systemlayer\pgfsyspr
INFO:pdfexport:latexmk: otocol.code.tex))
INFO:pdfexport:latexmk: (C:\Users\rahon\AppData\Roaming\MiKTeX\2.9\tex\generic\pgf\basiclayer\pgfcore.c
INFO:pdfexport:latexmk: ode.tex
INFO:pdfexport:latexmk: (C:\Users\rahon\AppData\Roaming\MiKTeX\2.9\tex\generic\pgf\math\pgfmath.code.te
INFO:pdfexport:latexmk: x
INFO:pdfexport:latexmk: (C:\Users\rahon\AppData\Roaming\MiKTeX\2.9\tex\generic\pgf\math\pgfmathcalc.cod
INFO:pdfexport:latexmk: e.tex
INFO:pdfexport:latexmk: (C:\Users\rahon\AppData\Roaming\MiKTeX\2.9\tex\generic\pgf\math\pgfmathutil.cod
INFO:pdfexport:latexmk: e.tex)
INFO:pdfexport:latexmk: (C:\Users\rahon\AppData\Roaming\MiKTeX\2.9\tex\generic\pgf\math\pgfmathparser.c
INFO:pdfexport:latexmk: ode.tex)
INFO:pdfexport:latexmk: (C:\Users\rahon\AppData\Roaming\MiKTeX\2.9\tex\generic\pgf\math\pgfmathfunction
INFO:pdfexport:latexmk: s.code.tex
INFO:pdfexport:latexmk: (C:\Users\rahon\AppData\Roaming\MiKTeX\2.9\tex\generic\pgf\math\pgfmathfunction
INFO:pdfexport:latexmk: s.basic.code.tex)
INFO:pdfexport:latexmk: (C:\Users\rahon\AppData\Roaming\MiKTeX\2.9\tex\generic\pgf\math\pgfmathfunction
INFO:pdfexport:latexmk: s.trigonometric.code.tex)
INFO:pdfexport:latexmk: (C:\Users\rahon\AppData\Roaming\MiKTeX\2.9\tex\generic\pgf\math\pgfmathfunction
INFO:pdfexport:latexmk: s.random.code.tex)
INFO:pdfexport:latexmk: (C:\Users\rahon\AppData\Roaming\MiKTeX\2.9\tex\generic\pgf\math\pgfmathfunction
INFO:pdfexport:latexmk: s.comparison.code.tex)
INFO:pdfexport:latexmk: (C:\Users\rahon\AppData\Roaming\MiKTeX\2.9\tex\generic\pgf\math\pgfmathfunction
INFO:pdfexport:latexmk: s.base.code.tex)
INFO:pdfexport:latexmk: (C:\Users\rahon\AppData\Roaming\MiKTeX\2.9\tex\generic\pgf\math\pgfmathfunction
INFO:pdfexport:latexmk: s.round.code.tex)
INFO:pdfexport:latexmk: (C:\Users\rahon\AppData\Roaming\MiKTeX\2.9\tex\generic\pgf\math\pgfmathfunction
INFO:pdfexport:latexmk: s.misc.code.tex)
INFO:pdfexport:latexmk: (C:\Users\rahon\AppData\Roaming\MiKTeX\2.9\tex\generic\pgf\math\pgfmathfunction
INFO:pdfexport:latexmk: s.integerarithmetics.code.tex)))
INFO:pdfexport:latexmk: (C:\Users\rahon\AppData\Roaming\MiKTeX\2.9\tex\generic\pgf\math\pgfmathfloat.co
INFO:pdfexport:latexmk: de.tex))
INFO:pdfexport:latexmk: (C:\Users\rahon\AppData\Roaming\MiKTeX\2.9\tex\generic\pgf\basiclayer\pgfcorepo
INFO:pdfexport:latexmk: ints.code.tex)
INFO:pdfexport:latexmk: (C:\Users\rahon\AppData\Roaming\MiKTeX\2.9\tex\generic\pgf\basiclayer\pgfcorepa
INFO:pdfexport:latexmk: thconstruct.code.tex)
INFO:pdfexport:latexmk: (C:\Users\rahon\AppData\Roaming\MiKTeX\2.9\tex\generic\pgf\basiclayer\pgfcorepa
INFO:pdfexport:latexmk: thusage.code.tex)
INFO:pdfexport:latexmk: (C:\Users\rahon\AppData\Roaming\MiKTeX\2.9\tex\generic\pgf\basiclayer\pgfcoresc
INFO:pdfexport:latexmk: opes.code.tex)
INFO:pdfexport:latexmk: (C:\Users\rahon\AppData\Roaming\MiKTeX\2.9\tex\generic\pgf\basiclayer\pgfcoregr
INFO:pdfexport:latexmk: aphicstate.code.tex)
INFO:pdfexport:latexmk: (C:\Users\rahon\AppData\Roaming\MiKTeX\2.9\tex\generic\pgf\basiclayer\pgfcoretr
INFO:pdfexport:latexmk: ansformations.code.tex)
INFO:pdfexport:latexmk: (C:\Users\rahon\AppData\Roaming\MiKTeX\2.9\tex\generic\pgf\basiclayer\pgfcorequ
INFO:pdfexport:latexmk: ick.code.tex)
INFO:pdfexport:latexmk: (C:\Users\rahon\AppData\Roaming\MiKTeX\2.9\tex\generic\pgf\basiclayer\pgfcoreob
INFO:pdfexport:latexmk: jects.code.tex)
INFO:pdfexport:latexmk: (C:\Users\rahon\AppData\Roaming\MiKTeX\2.9\tex\generic\pgf\basiclayer\pgfcorepa
INFO:pdfexport:latexmk: thprocessing.code.tex)
INFO:pdfexport:latexmk: (C:\Users\rahon\AppData\Roaming\MiKTeX\2.9\tex\generic\pgf\basiclayer\pgfcorear
INFO:pdfexport:latexmk: rows.code.tex)
INFO:pdfexport:latexmk: (C:\Users\rahon\AppData\Roaming\MiKTeX\2.9\tex\generic\pgf\basiclayer\pgfcoresh
INFO:pdfexport:latexmk: ade.code.tex)
INFO:pdfexport:latexmk: (C:\Users\rahon\AppData\Roaming\MiKTeX\2.9\tex\generic\pgf\basiclayer\pgfcoreim
INFO:pdfexport:latexmk: age.code.tex
INFO:pdfexport:latexmk: (C:\Users\rahon\AppData\Roaming\MiKTeX\2.9\tex\generic\pgf\basiclayer\pgfcoreex
INFO:pdfexport:latexmk: ternal.code.tex))
INFO:pdfexport:latexmk: (C:\Users\rahon\AppData\Roaming\MiKTeX\2.9\tex\generic\pgf\basiclayer\pgfcorela
INFO:pdfexport:latexmk: yers.code.tex)
INFO:pdfexport:latexmk: (C:\Users\rahon\AppData\Roaming\MiKTeX\2.9\tex\generic\pgf\basiclayer\pgfcoretr
INFO:pdfexport:latexmk: ansparency.code.tex)
INFO:pdfexport:latexmk: (C:\Users\rahon\AppData\Roaming\MiKTeX\2.9\tex\generic\pgf\basiclayer\pgfcorepa
INFO:pdfexport:latexmk: tterns.code.tex)))
INFO:pdfexport:latexmk: (C:\Users\rahon\AppData\Roaming\MiKTeX\2.9\tex\generic\pgf\modules\pgfmodulesha
INFO:pdfexport:latexmk: pes.code.tex)
INFO:pdfexport:latexmk: (C:\Users\rahon\AppData\Roaming\MiKTeX\2.9\tex\generic\pgf\modules\pgfmoduleplo
INFO:pdfexport:latexmk: t.code.tex)
INFO:pdfexport:latexmk: (C:\Users\rahon\AppData\Roaming\MiKTeX\2.9\tex\latex\pgf\compatibility\pgfcomp-
INFO:pdfexport:latexmk: version-0-65.sty)
INFO:pdfexport:latexmk: (C:\Users\rahon\AppData\Roaming\MiKTeX\2.9\tex\latex\pgf\compatibility\pgfcomp-
INFO:pdfexport:latexmk: version-1-18.sty))
INFO:pdfexport:latexmk: (C:\Users\rahon\AppData\Roaming\MiKTeX\2.9\tex\latex\pgf\utilities\pgffor.sty
INFO:pdfexport:latexmk: (C:\Users\rahon\AppData\Roaming\MiKTeX\2.9\tex\latex\pgf\utilities\pgfkeys.sty
INFO:pdfexport:latexmk: (C:\Users\rahon\AppData\Roaming\MiKTeX\2.9\tex\generic\pgf\utilities\pgfkeys.co
INFO:pdfexport:latexmk: de.tex))
INFO:pdfexport:latexmk: (C:\Users\rahon\AppData\Roaming\MiKTeX\2.9\tex\latex\pgf\math\pgfmath.sty
INFO:pdfexport:latexmk: (C:\Users\rahon\AppData\Roaming\MiKTeX\2.9\tex\generic\pgf\math\pgfmath.code.te
INFO:pdfexport:latexmk: x))
INFO:pdfexport:latexmk: (C:\Users\rahon\AppData\Roaming\MiKTeX\2.9\tex\generic\pgf\utilities\pgffor.cod
INFO:pdfexport:latexmk: e.tex
INFO:pdfexport:latexmk: (C:\Users\rahon\AppData\Roaming\MiKTeX\2.9\tex\generic\pgf\math\pgfmath.code.te
INFO:pdfexport:latexmk: x)))
INFO:pdfexport:latexmk: (C:\Users\rahon\AppData\Roaming\MiKTeX\2.9\tex\generic\pgf\frontendlayer\tikz\t
INFO:pdfexport:latexmk: ikz.code.tex
INFO:pdfexport:latexmk: (C:\Users\rahon\AppData\Roaming\MiKTeX\2.9\tex\generic\pgf\libraries\pgflibrary
INFO:pdfexport:latexmk: plothandlers.code.tex)
INFO:pdfexport:latexmk: (C:\Users\rahon\AppData\Roaming\MiKTeX\2.9\tex\generic\pgf\modules\pgfmodulemat
INFO:pdfexport:latexmk: rix.code.tex)
INFO:pdfexport:latexmk: (C:\Users\rahon\AppData\Roaming\MiKTeX\2.9\tex\generic\pgf\frontendlayer\tikz\l
INFO:pdfexport:latexmk: ibraries\tikzlibrarytopaths.code.tex)))
INFO:pdfexport:latexmk: (C:\Users\rahon\AppData\Roaming\MiKTeX\2.9\tex\generic\pgf\frontendlayer\tikz\l
INFO:pdfexport:latexmk: ibraries\tikzlibrarypositioning.code.tex)
INFO:pdfexport:latexmk: (C:\Users\rahon\AppData\Roaming\MiKTeX\2.9\tex\generic\pgf\frontendlayer\tikz\l
INFO:pdfexport:latexmk: ibraries\tikzlibraryshadows.code.tex
INFO:pdfexport:latexmk: (C:\Users\rahon\AppData\Roaming\MiKTeX\2.9\tex\generic\pgf\frontendlayer\tikz\l
INFO:pdfexport:latexmk: ibraries\tikzlibraryfadings.code.tex
INFO:pdfexport:latexmk: (C:\Users\rahon\AppData\Roaming\MiKTeX\2.9\tex\generic\pgf\libraries\pgflibrary
INFO:pdfexport:latexmk: fadings.code.tex))) ("C:\Program Files\MiKTeX 2.9\tex\latex\tools\calc.sty"))
INFO:pdfexport:latexmk: (C:\Users\rahon\AppData\Roaming\MiKTeX\2.9\tex\latex\chngcntr\chngcntr.sty)
INFO:pdfexport:latexmk: (C:\Users\rahon\AppData\Roaming\MiKTeX\2.9\tex\latex\koma-script\scrlayer-scrpa
INFO:pdfexport:latexmk: ge.sty
INFO:pdfexport:latexmk: (C:\Users\rahon\AppData\Roaming\MiKTeX\2.9\tex\latex\koma-script\scrlayer.sty))
INFO:pdfexport:latexmk: (C:\Users\rahon\AppData\Roaming\MiKTeX\2.9\tex\latex\apacite\apacite.sty)
INFO:pdfexport:latexmk: (C:\Users\rahon\AppData\Roaming\MiKTeX\2.9\tex\latex\natbib\natbib.sty)
INFO:pdfexport:latexmk: (C:\Users\rahon\AppData\Roaming\MiKTeX\2.9\tex\latex\doi\doi.sty)
INFO:pdfexport:latexmk: (C:\Users\rahon\AppData\Roaming\MiKTeX\2.9\tex\latex\caption\newfloat.sty)
INFO:pdfexport:latexmk: (C:\Users\rahon\AppData\Roaming\MiKTeX\2.9\tex\latex\listings\listings.sty
INFO:pdfexport:latexmk: (C:\Users\rahon\AppData\Roaming\MiKTeX\2.9\tex\latex\listings\lstmisc.sty)
INFO:pdfexport:latexmk: (C:\Users\rahon\AppData\Roaming\MiKTeX\2.9\tex\latex\listings\listings.cfg))
INFO:pdfexport:latexmk: (C:\Users\rahon\AppData\Roaming\MiKTeX\2.9\tex\latex\mdframed\mdframed.sty
INFO:pdfexport:latexmk: (C:\Users\rahon\AppData\Roaming\MiKTeX\2.9\tex\latex\l3packages\xparse\xparse.s
INFO:pdfexport:latexmk: ty (C:\Users\rahon\AppData\Roaming\MiKTeX\2.9\tex\latex\l3kernel\expl3.sty
INFO:pdfexport:latexmk: (C:\Users\rahon\AppData\Roaming\MiKTeX\2.9\tex\latex\l3kernel\expl3-code.tex)
INFO:pdfexport:latexmk: (C:\Users\rahon\AppData\Roaming\MiKTeX\2.9\tex\latex\l3kernel\l3pdfmode.def)))
INFO:pdfexport:latexmk: ("C:\Program Files\MiKTeX 2.9\tex\latex\oberdiek\zref-abspage.sty"
INFO:pdfexport:latexmk: ("C:\Program Files\MiKTeX 2.9\tex\latex\oberdiek\zref-base.sty"))
INFO:pdfexport:latexmk: (C:\Users\rahon\AppData\Roaming\MiKTeX\2.9\tex\latex\needspace\needspace.sty)
INFO:pdfexport:latexmk: (C:\Users\rahon\AppData\Roaming\MiKTeX\2.9\tex\latex\mdframed\md-frame-1.mdf))
INFO:pdfexport:latexmk: ("C:\Program Files\MiKTeX 2.9\tex\latex\geometry\geometry.sty"
INFO:pdfexport:latexmk: ("C:\Program Files\MiKTeX 2.9\tex\latex\geometry\geometry.cfg"))
INFO:pdfexport:latexmk: (C:\Users\rahon\AppData\Roaming\MiKTeX\2.9\tex\latex\cleveref\cleveref.sty)
INFO:pdfexport:latexmk: (template.aux) ("C:\Program Files\MiKTeX 2.9\tex\latex\base\ts1cmr.fd")
INFO:pdfexport:latexmk: ("C:\Program Files\MiKTeX 2.9\tex\latex\psnfss\t1ppl.fd")
INFO:pdfexport:latexmk: (C:\Users\rahon\AppData\Roaming\MiKTeX\2.9\tex\context\base\supp-pdf.mkii
INFO:pdfexport:latexmk: [Loading MPS to PDF converter (version 2006.09.02).]
INFO:pdfexport:latexmk: ) ("C:\Program Files\MiKTeX 2.9\tex\latex\oberdiek\epstopdf-base.sty"
INFO:pdfexport:latexmk: ("C:\Program Files\MiKTeX 2.9\tex\latex\oberdiek\grfext.sty"))
INFO:pdfexport:latexmk: (C:\Users\rahon\AppData\Roaming\MiKTeX\2.9\tex\latex\caption\ltcaption.sty)
INFO:pdfexport:latexmk: (C:\Users\rahon\AppData\Roaming\MiKTeX\2.9\tex\latex\ucs\ucsencs.def)
INFO:pdfexport:latexmk: ("C:\Program Files\MiKTeX 2.9\tex\latex\hyperref\nameref.sty"
INFO:pdfexport:latexmk: ("C:\Program Files\MiKTeX 2.9\tex\generic\oberdiek\gettitlestring.sty"))
INFO:pdfexport:latexmk: (template.out) (template.out)
INFO:pdfexport:latexmk: (C:\Users\rahon\AppData\Roaming\MiKTeX\2.9\tex\latex\translations\dicts\transla
INFO:pdfexport:latexmk: tions-basic-dictionary-english.trsl)
INFO:pdfexport:latexmk: (C:\Users\rahon\AppData\Roaming\MiKTeX\2.9\tex\latex\microtype\mt-ppl.cfg)
INFO:pdfexport:latexmk: ABD: EveryShipout initializing macros
INFO:pdfexport:latexmk: (C:\Users\rahon\AppData\Roaming\MiKTeX\2.9\tex\latex\apacite\english.apc)
INFO:pdfexport:latexmk: *geometry* driver: auto-detecting
INFO:pdfexport:latexmk: *geometry* detected driver: pdftex
INFO:pdfexport:latexmk: ("C:\Program Files\MiKTeX 2.9\tex\latex\psnfss\ot1ppl.fd")
INFO:pdfexport:latexmk: ("C:\Program Files\MiKTeX 2.9\tex\latex\psnfss\omlzplm.fd")
INFO:pdfexport:latexmk: ("C:\Program Files\MiKTeX 2.9\tex\latex\psnfss\omszplm.fd")
INFO:pdfexport:latexmk: ("C:\Program Files\MiKTeX 2.9\tex\latex\psnfss\omxzplm.fd")
INFO:pdfexport:latexmk: ("C:\Program Files\MiKTeX 2.9\tex\latex\psnfss\ot1zplm.fd")
INFO:pdfexport:latexmk: (C:\Users\rahon\AppData\Roaming\MiKTeX\2.9\tex\latex\microtype\mt-msa.cfg)
INFO:pdfexport:latexmk: (C:\Users\rahon\AppData\Roaming\MiKTeX\2.9\tex\latex\microtype\mt-msb.cfg)
INFO:pdfexport:latexmk: [1{C:/Users/rahon/AppData/Local/MiKTeX/2.9/pdftex/config/pdftex.map} <./templat
INFO:pdfexport:latexmk: e_files/princeton_logo.pdf>] (template.toc) [2]
INFO:pdfexport:latexmk: ("C:\Program Files\MiKTeX 2.9\tex\latex\base\t1cmtt.fd") [3]
INFO:pdfexport:latexmk: ("C:\Program Files\MiKTeX 2.9\tex\latex\psnfss\ts1ppl.fd")
INFO:pdfexport:latexmk: Overfull \hbox (9.49997pt too wide) in paragraph at lines 549--549
INFO:pdfexport:latexmk: []
INFO:pdfexport:latexmk: [4]
INFO:pdfexport:latexmk: 
INFO:pdfexport:latexmk: Package natbib Warning: Citation `uddenbergTelefaceSerialReproduction2018' on p
INFO:pdfexport:latexmk: age 5 undefined on input line 583.
INFO:pdfexport:latexmk: 
INFO:pdfexport:latexmk: ("C:\Program Files\MiKTeX 2.9\tex\latex\base\ts1cmtt.fd")
INFO:pdfexport:latexmk: Underfull \hbox (badness 10000) in paragraph at lines 596--600
INFO:pdfexport:latexmk: []\T1/ppl/m/n/10 (+20) Figures can be dis-played with com-mands like \T1/cmtt/m
INFO:pdfexport:latexmk: /n/10 display(SVG("filename.svg")) \T1/ppl/m/n/10 (+20) or
INFO:pdfexport:latexmk: [5] (C:\Users\rahon\AppData\Roaming\MiKTeX\2.9\tex\latex\listings\lstlang1.sty)
INFO:pdfexport:latexmk: [6 <./template_files/output_10_0.pdf>] (template.bbl [7]
INFO:pdfexport:latexmk: 
INFO:pdfexport:latexmk: Package natbib Warning: Empty `thebibliography' environment on input line 3.
INFO:pdfexport:latexmk: 
INFO:pdfexport:latexmk: )
INFO:pdfexport:latexmk: 
INFO:pdfexport:latexmk: Package natbib Warning: There were undefined citations.
INFO:pdfexport:latexmk: 
INFO:pdfexport:latexmk: [8] (template.aux)
INFO:pdfexport:latexmk: 
INFO:pdfexport:latexmk: Package rerunfilecheck Warning: File `template.out' has changed.
INFO:pdfexport:latexmk: (rerunfilecheck)                Rerun to get outlines right
INFO:pdfexport:latexmk: (rerunfilecheck)                or use package `bookmark'.
INFO:pdfexport:latexmk: 
INFO:pdfexport:latexmk: )
INFO:pdfexport:latexmk: (see the transcript file for additional information){C:/Program Files/MiKTeX 2.
INFO:pdfexport:latexmk: 9/fonts/enc/dvips/cm-super/cm-super-ts1.enc}{C:/Program Files/MiKTeX 2.9/fonts/
INFO:pdfexport:latexmk: enc/dvips/cm-super/cm-super-t1.enc}{C:/Program Files/MiKTeX 2.9/fonts/enc/dvips
INFO:pdfexport:latexmk: /base/8r.enc}<C:/Program Files/MiKTeX 2.9/fonts/type1/public/amsfonts/cm/cmr10.
INFO:pdfexport:latexmk: pfb><C:/Program Files/MiKTeX 2.9/fonts/type1/public/cm-super/sfit1000.pfb><C:/P
INFO:pdfexport:latexmk: rogram Files/MiKTeX 2.9/fonts/type1/public/cm-super/sftt0800.pfb><C:/Program Fi
INFO:pdfexport:latexmk: les/MiKTeX 2.9/fonts/type1/public/cm-super/sftt1000.pfb><C:/Program Files/MiKTe
INFO:pdfexport:latexmk: X 2.9/fonts/type1/urw/palatino/uplb8a.pfb><C:/Program Files/MiKTeX 2.9/fonts/ty
INFO:pdfexport:latexmk: pe1/urw/palatino/uplbi8a.pfb><C:/Program Files/MiKTeX 2.9/fonts/type1/urw/palat
INFO:pdfexport:latexmk: ino/uplr8a.pfb><C:/Program Files/MiKTeX 2.9/fonts/type1/urw/palatino/uplr8a.pfb
INFO:pdfexport:latexmk: ><C:/Program Files/MiKTeX 2.9/fonts/type1/urw/palatino/uplri8a.pfb>
INFO:pdfexport:latexmk: Output written on template.pdf (8 pages, 408426 bytes).
INFO:pdfexport:latexmk: Transcript written on template.log.
INFO:pdfexport:latexmk: Latexmk: Found input bbl file 'template.bbl'
INFO:pdfexport:latexmk: Latexmk: References changed.
INFO:pdfexport:latexmk: Latexmk: Log file says output to 'template.pdf'
INFO:pdfexport:latexmk: Latexmk: List of undefined refs and citations:
INFO:pdfexport:latexmk: Citation `uddenbergTelefaceSerialReproduction2018' on page 5 undefined on input line 583
INFO:pdfexport:latexmk: === TeX engine is 'pdfTeX'
INFO:pdfexport:latexmk: kpsewhich: warning: running with administrator privileges
INFO:pdfexport:latexmk: Latexmk: Found bibliography file(s) [template_files/ExampleBib.bib]
INFO:pdfexport:latexmk: Rule 'bibtex template': File changes, etc:
INFO:pdfexport:latexmk: Changed files, or newly in use since previous run(s):
INFO:pdfexport:latexmk: 'template.aux'
INFO:pdfexport:latexmk: ------------
INFO:pdfexport:latexmk: Run number 1 of rule 'bibtex template'
INFO:pdfexport:latexmk: ------------
INFO:pdfexport:latexmk: ------------
INFO:pdfexport:latexmk: Running 'bibtex  "template"'
INFO:pdfexport:latexmk: ------------
INFO:pdfexport:latexmk: Latexmk: applying rule 'bibtex template'...
INFO:pdfexport:latexmk: For rule 'bibtex template', running '&run_bibtex(  )' ...
INFO:pdfexport:latexmk: bibtex: warning: running with administrator privileges
INFO:pdfexport:latexmk: This is BibTeX, Version 0.99d (MiKTeX 2.9.6630 64-bit)
INFO:pdfexport:latexmk: The top-level auxiliary file: template.aux
INFO:pdfexport:latexmk: The style file: apacite.bst
INFO:pdfexport:latexmk: Database file #1: template_files/ExampleBib.bib
INFO:pdfexport:latexmk: apacite.bst [2013/07/21 v6.03 APA bibliography style]
INFO:pdfexport:latexmk: Rule 'pdflatex': File changes, etc:
INFO:pdfexport:latexmk: Changed files, or newly in use since previous run(s):
INFO:pdfexport:latexmk: 'template.aux'
INFO:pdfexport:latexmk: 'template.bbl'
INFO:pdfexport:latexmk: 'template.out'
INFO:pdfexport:latexmk: 'template.toc'
INFO:pdfexport:latexmk: ------------
INFO:pdfexport:latexmk: Run number 2 of rule 'pdflatex'
INFO:pdfexport:latexmk: ------------
INFO:pdfexport:latexmk: ------------
INFO:pdfexport:latexmk: Running 'pdflatex  -recorder  "C:\Users\rahon\Dropbox (Princeton)\Projects\psipypublish\template\converted\template.tex"'
INFO:pdfexport:latexmk: ------------
INFO:pdfexport:latexmk: Latexmk: applying rule 'pdflatex'...
INFO:pdfexport:latexmk: pdflatex: warning: running with administrator privileges
INFO:pdfexport:latexmk: This is pdfTeX, Version 3.14159265-2.6-1.40.19 (MiKTeX 2.9.6630 64-bit)
INFO:pdfexport:latexmk: entering extended mode
INFO:pdfexport:latexmk: 
INFO:pdfexport:latexmk: ("C:/Users/rahon/Dropbox (Princeton)/Projects/psipypublish/template/converted/t
INFO:pdfexport:latexmk: emplate.tex"
INFO:pdfexport:latexmk: LaTeX2e <2017-04-15>
INFO:pdfexport:latexmk: Babel <3.18> and hyphenation patterns for 75 language(s) loaded.
INFO:pdfexport:latexmk: (C:\Users\rahon\AppData\Roaming\MiKTeX\2.9\tex\latex\koma-script\scrartcl.cls
INFO:pdfexport:latexmk: Document Class: scrartcl 2018/03/30 v3.25 KOMA-Script document class (article)
INFO:pdfexport:latexmk: (C:\Users\rahon\AppData\Roaming\MiKTeX\2.9\tex\latex\koma-script\scrkbase.sty
INFO:pdfexport:latexmk: (C:\Users\rahon\AppData\Roaming\MiKTeX\2.9\tex\latex\koma-script\scrbase.sty
INFO:pdfexport:latexmk: ("C:\Program Files\MiKTeX 2.9\tex\latex\graphics\keyval.sty")
INFO:pdfexport:latexmk: (C:\Users\rahon\AppData\Roaming\MiKTeX\2.9\tex\latex\koma-script\scrlfile.sty))
INFO:pdfexport:latexmk: ) (C:\Users\rahon\AppData\Roaming\MiKTeX\2.9\tex\latex\koma-script\tocbasic.sty
INFO:pdfexport:latexmk: )
INFO:pdfexport:latexmk: (C:\Users\rahon\AppData\Roaming\MiKTeX\2.9\tex\latex\koma-script\scrsize10pt.cl
INFO:pdfexport:latexmk: o)
INFO:pdfexport:latexmk: (C:\Users\rahon\AppData\Roaming\MiKTeX\2.9\tex\latex\koma-script\typearea.sty))
INFO:pdfexport:latexmk: ("C:\Program Files\MiKTeX 2.9\tex\latex\base\fontenc.sty"
INFO:pdfexport:latexmk: ("C:\Program Files\MiKTeX 2.9\tex\latex\base\t1enc.def"))
INFO:pdfexport:latexmk: ("C:\Program Files\MiKTeX 2.9\tex\latex\psnfss\mathpazo.sty")
INFO:pdfexport:latexmk: ("C:\Program Files\MiKTeX 2.9\tex\latex\graphics\graphicx.sty"
INFO:pdfexport:latexmk: ("C:\Program Files\MiKTeX 2.9\tex\latex\graphics\graphics.sty"
INFO:pdfexport:latexmk: ("C:\Program Files\MiKTeX 2.9\tex\latex\graphics\trig.sty")
INFO:pdfexport:latexmk: ("C:\Program Files\MiKTeX 2.9\tex\latex\graphics-cfg\graphics.cfg")
INFO:pdfexport:latexmk: ("C:\Program Files\MiKTeX 2.9\tex\latex\graphics-def\pdftex.def")))
INFO:pdfexport:latexmk: (C:\Users\rahon\AppData\Roaming\MiKTeX\2.9\tex\latex\caption\caption.sty
INFO:pdfexport:latexmk: (C:\Users\rahon\AppData\Roaming\MiKTeX\2.9\tex\latex\caption\caption3.sty))
INFO:pdfexport:latexmk: (C:\Users\rahon\AppData\Roaming\MiKTeX\2.9\tex\latex\adjustbox\adjustbox.sty
INFO:pdfexport:latexmk: ("C:\Program Files\MiKTeX 2.9\tex\latex\xkeyval\xkeyval.sty"
INFO:pdfexport:latexmk: ("C:\Program Files\MiKTeX 2.9\tex\generic\xkeyval\xkeyval.tex"
INFO:pdfexport:latexmk: ("C:\Program Files\MiKTeX 2.9\tex\generic\xkeyval\xkvutils.tex")))
INFO:pdfexport:latexmk: (C:\Users\rahon\AppData\Roaming\MiKTeX\2.9\tex\latex\adjustbox\adjcalc.sty)
INFO:pdfexport:latexmk: (C:\Users\rahon\AppData\Roaming\MiKTeX\2.9\tex\latex\adjustbox\trimclip.sty
INFO:pdfexport:latexmk: (C:\Users\rahon\AppData\Roaming\MiKTeX\2.9\tex\latex\collectbox\collectbox.sty)
INFO:pdfexport:latexmk: (C:\Users\rahon\AppData\Roaming\MiKTeX\2.9\tex\latex\adjustbox\tc-pdftex.def))
INFO:pdfexport:latexmk: (C:\Users\rahon\AppData\Roaming\MiKTeX\2.9\tex\latex\ifoddpage\ifoddpage.sty)
INFO:pdfexport:latexmk: ("C:\Program Files\MiKTeX 2.9\tex\latex\ltxmisc\varwidth.sty"))
INFO:pdfexport:latexmk: (C:\Users\rahon\AppData\Roaming\MiKTeX\2.9\tex\latex\xcolor\xcolor.sty
INFO:pdfexport:latexmk: ("C:\Program Files\MiKTeX 2.9\tex\latex\graphics-cfg\color.cfg")
INFO:pdfexport:latexmk: (C:\Users\rahon\AppData\Roaming\MiKTeX\2.9\tex\latex\colortbl\colortbl.sty
INFO:pdfexport:latexmk: ("C:\Program Files\MiKTeX 2.9\tex\latex\tools\array.sty")))
INFO:pdfexport:latexmk: ("C:\Program Files\MiKTeX 2.9\tex\latex\tools\enumerate.sty")
INFO:pdfexport:latexmk: ("C:\Program Files\MiKTeX 2.9\tex\latex\amsmath\amsmath.sty"
INFO:pdfexport:latexmk: For additional information on amsmath, use the `?' option.
INFO:pdfexport:latexmk: ("C:\Program Files\MiKTeX 2.9\tex\latex\amsmath\amstext.sty"
INFO:pdfexport:latexmk: ("C:\Program Files\MiKTeX 2.9\tex\latex\amsmath\amsgen.sty"))
INFO:pdfexport:latexmk: ("C:\Program Files\MiKTeX 2.9\tex\latex\amsmath\amsbsy.sty")
INFO:pdfexport:latexmk: ("C:\Program Files\MiKTeX 2.9\tex\latex\amsmath\amsopn.sty"))
INFO:pdfexport:latexmk: ("C:\Program Files\MiKTeX 2.9\tex\latex\amsfonts\amssymb.sty"
INFO:pdfexport:latexmk: ("C:\Program Files\MiKTeX 2.9\tex\latex\amsfonts\amsfonts.sty"))
INFO:pdfexport:latexmk: ("C:\Program Files\MiKTeX 2.9\tex\latex\base\textcomp.sty"
INFO:pdfexport:latexmk: ("C:\Program Files\MiKTeX 2.9\tex\latex\base\ts1enc.def"))
INFO:pdfexport:latexmk: (C:\Users\rahon\AppData\Roaming\MiKTeX\2.9\tex\latex\upquote\upquote.sty)
INFO:pdfexport:latexmk: ("C:\Program Files\MiKTeX 2.9\tex\latex\eurosym\eurosym.sty")
INFO:pdfexport:latexmk: (C:\Users\rahon\AppData\Roaming\MiKTeX\2.9\tex\latex\ucs\ucs.sty
INFO:pdfexport:latexmk: (C:\Users\rahon\AppData\Roaming\MiKTeX\2.9\tex\latex\ucs\uni-global.def))
INFO:pdfexport:latexmk: ("C:\Program Files\MiKTeX 2.9\tex\latex\base\inputenc.sty"
INFO:pdfexport:latexmk: (C:\Users\rahon\AppData\Roaming\MiKTeX\2.9\tex\latex\ucs\utf8x.def))
INFO:pdfexport:latexmk: (C:\Users\rahon\AppData\Roaming\MiKTeX\2.9\tex\latex\fancyvrb\fancyvrb.sty
INFO:pdfexport:latexmk: Style option: `fancyvrb' v2.7a, with DG/SPQR fixes, and firstline=lastline fix
INFO:pdfexport:latexmk: <2008/02/07> (tvz)) ("C:\Program Files\MiKTeX 2.9\tex\latex\oberdiek\grffile.st
INFO:pdfexport:latexmk: y" ("C:\Program Files\MiKTeX 2.9\tex\generic\oberdiek\ifpdf.sty")
INFO:pdfexport:latexmk: ("C:\Program Files\MiKTeX 2.9\tex\generic\ifxetex\ifxetex.sty")
INFO:pdfexport:latexmk: ("C:\Program Files\MiKTeX 2.9\tex\latex\oberdiek\kvoptions.sty"
INFO:pdfexport:latexmk: ("C:\Program Files\MiKTeX 2.9\tex\generic\oberdiek\ltxcmds.sty")
INFO:pdfexport:latexmk: ("C:\Program Files\MiKTeX 2.9\tex\generic\oberdiek\kvsetkeys.sty"
INFO:pdfexport:latexmk: ("C:\Program Files\MiKTeX 2.9\tex\generic\oberdiek\infwarerr.sty")
INFO:pdfexport:latexmk: ("C:\Program Files\MiKTeX 2.9\tex\generic\oberdiek\etexcmds.sty"
INFO:pdfexport:latexmk: ("C:\Program Files\MiKTeX 2.9\tex\generic\oberdiek\ifluatex.sty"))))
INFO:pdfexport:latexmk: ("C:\Program Files\MiKTeX 2.9\tex\generic\oberdiek\pdftexcmds.sty"))
INFO:pdfexport:latexmk: ("C:\Program Files\MiKTeX 2.9\tex\latex\hyperref\hyperref.sty"
INFO:pdfexport:latexmk: ("C:\Program Files\MiKTeX 2.9\tex\generic\oberdiek\hobsub-hyperref.sty"
INFO:pdfexport:latexmk: ("C:\Program Files\MiKTeX 2.9\tex\generic\oberdiek\hobsub-generic.sty"))
INFO:pdfexport:latexmk: ("C:\Program Files\MiKTeX 2.9\tex\latex\oberdiek\auxhook.sty")
INFO:pdfexport:latexmk: ("C:\Program Files\MiKTeX 2.9\tex\latex\hyperref\pd1enc.def")
INFO:pdfexport:latexmk: ("C:\Program Files\MiKTeX 2.9\tex\latex\00miktex\hyperref.cfg")
INFO:pdfexport:latexmk: (C:\Users\rahon\AppData\Roaming\MiKTeX\2.9\tex\latex\url\url.sty))
INFO:pdfexport:latexmk: ("C:\Program Files\MiKTeX 2.9\tex\latex\hyperref\hpdftex.def"
INFO:pdfexport:latexmk: ("C:\Program Files\MiKTeX 2.9\tex\latex\oberdiek\rerunfilecheck.sty"))
INFO:pdfexport:latexmk: ("C:\Program Files\MiKTeX 2.9\tex\latex\tools\longtable.sty")
INFO:pdfexport:latexmk: (C:\Users\rahon\AppData\Roaming\MiKTeX\2.9\tex\latex\booktabs\booktabs.sty)
INFO:pdfexport:latexmk: (C:\Users\rahon\AppData\Roaming\MiKTeX\2.9\tex\latex\enumitem\enumitem.sty)
INFO:pdfexport:latexmk: (C:\Users\rahon\AppData\Roaming\MiKTeX\2.9\tex\latex\ulem\ulem.sty)
INFO:pdfexport:latexmk: (C:\Users\rahon\AppData\Roaming\MiKTeX\2.9\tex\latex\translations\translations.
INFO:pdfexport:latexmk: sty (C:\Users\rahon\AppData\Roaming\MiKTeX\2.9\tex\latex\etoolbox\etoolbox.sty)
INFO:pdfexport:latexmk: ) (C:\Users\rahon\AppData\Roaming\MiKTeX\2.9\tex\latex\microtype\microtype.sty
INFO:pdfexport:latexmk: (C:\Users\rahon\AppData\Roaming\MiKTeX\2.9\tex\latex\microtype\microtype-pdftex
INFO:pdfexport:latexmk: .def)
INFO:pdfexport:latexmk: (C:\Users\rahon\AppData\Roaming\MiKTeX\2.9\tex\latex\microtype\microtype.cfg))
INFO:pdfexport:latexmk: (C:\Users\rahon\AppData\Roaming\MiKTeX\2.9\tex\latex\placeins\placeins.sty)
INFO:pdfexport:latexmk: ("C:\Program Files\MiKTeX 2.9\tex\latex\float\float.sty")
INFO:pdfexport:latexmk: (C:\Users\rahon\AppData\Roaming\MiKTeX\2.9\tex\latex\todonotes\todonotes.sty
INFO:pdfexport:latexmk: ("C:\Program Files\MiKTeX 2.9\tex\latex\base\ifthen.sty")
INFO:pdfexport:latexmk: (C:\Users\rahon\AppData\Roaming\MiKTeX\2.9\tex\latex\pgf\frontendlayer\tikz.sty
INFO:pdfexport:latexmk: (C:\Users\rahon\AppData\Roaming\MiKTeX\2.9\tex\latex\pgf\basiclayer\pgf.sty
INFO:pdfexport:latexmk: (C:\Users\rahon\AppData\Roaming\MiKTeX\2.9\tex\latex\pgf\utilities\pgfrcs.sty
INFO:pdfexport:latexmk: (C:\Users\rahon\AppData\Roaming\MiKTeX\2.9\tex\generic\pgf\utilities\pgfutil-co
INFO:pdfexport:latexmk: mmon.tex
INFO:pdfexport:latexmk: (C:\Users\rahon\AppData\Roaming\MiKTeX\2.9\tex\generic\pgf\utilities\pgfutil-co
INFO:pdfexport:latexmk: mmon-lists.tex))
INFO:pdfexport:latexmk: (C:\Users\rahon\AppData\Roaming\MiKTeX\2.9\tex\generic\pgf\utilities\pgfutil-la
INFO:pdfexport:latexmk: tex.def (C:\Users\rahon\AppData\Roaming\MiKTeX\2.9\tex\latex\ms\everyshi.sty))
INFO:pdfexport:latexmk: (C:\Users\rahon\AppData\Roaming\MiKTeX\2.9\tex\generic\pgf\utilities\pgfrcs.cod
INFO:pdfexport:latexmk: e.tex))
INFO:pdfexport:latexmk: (C:\Users\rahon\AppData\Roaming\MiKTeX\2.9\tex\latex\pgf\basiclayer\pgfcore.sty
INFO:pdfexport:latexmk: 
INFO:pdfexport:latexmk: (C:\Users\rahon\AppData\Roaming\MiKTeX\2.9\tex\latex\pgf\systemlayer\pgfsys.sty
INFO:pdfexport:latexmk: 
INFO:pdfexport:latexmk: (C:\Users\rahon\AppData\Roaming\MiKTeX\2.9\tex\generic\pgf\systemlayer\pgfsys.c
INFO:pdfexport:latexmk: ode.tex
INFO:pdfexport:latexmk: (C:\Users\rahon\AppData\Roaming\MiKTeX\2.9\tex\generic\pgf\utilities\pgfkeys.co
INFO:pdfexport:latexmk: de.tex
INFO:pdfexport:latexmk: (C:\Users\rahon\AppData\Roaming\MiKTeX\2.9\tex\generic\pgf\utilities\pgfkeysfil
INFO:pdfexport:latexmk: tered.code.tex))
INFO:pdfexport:latexmk: (C:\Users\rahon\AppData\Roaming\MiKTeX\2.9\tex\generic\pgf\systemlayer\pgf.cfg)
INFO:pdfexport:latexmk: 
INFO:pdfexport:latexmk: (C:\Users\rahon\AppData\Roaming\MiKTeX\2.9\tex\generic\pgf\systemlayer\pgfsys-p
INFO:pdfexport:latexmk: dftex.def
INFO:pdfexport:latexmk: (C:\Users\rahon\AppData\Roaming\MiKTeX\2.9\tex\generic\pgf\systemlayer\pgfsys-c
INFO:pdfexport:latexmk: ommon-pdf.def)))
INFO:pdfexport:latexmk: (C:\Users\rahon\AppData\Roaming\MiKTeX\2.9\tex\generic\pgf\systemlayer\pgfsysso
INFO:pdfexport:latexmk: ftpath.code.tex)
INFO:pdfexport:latexmk: (C:\Users\rahon\AppData\Roaming\MiKTeX\2.9\tex\generic\pgf\systemlayer\pgfsyspr
INFO:pdfexport:latexmk: otocol.code.tex))
INFO:pdfexport:latexmk: (C:\Users\rahon\AppData\Roaming\MiKTeX\2.9\tex\generic\pgf\basiclayer\pgfcore.c
INFO:pdfexport:latexmk: ode.tex
INFO:pdfexport:latexmk: (C:\Users\rahon\AppData\Roaming\MiKTeX\2.9\tex\generic\pgf\math\pgfmath.code.te
INFO:pdfexport:latexmk: x
INFO:pdfexport:latexmk: (C:\Users\rahon\AppData\Roaming\MiKTeX\2.9\tex\generic\pgf\math\pgfmathcalc.cod
INFO:pdfexport:latexmk: e.tex
INFO:pdfexport:latexmk: (C:\Users\rahon\AppData\Roaming\MiKTeX\2.9\tex\generic\pgf\math\pgfmathutil.cod
INFO:pdfexport:latexmk: e.tex)
INFO:pdfexport:latexmk: (C:\Users\rahon\AppData\Roaming\MiKTeX\2.9\tex\generic\pgf\math\pgfmathparser.c
INFO:pdfexport:latexmk: ode.tex)
INFO:pdfexport:latexmk: (C:\Users\rahon\AppData\Roaming\MiKTeX\2.9\tex\generic\pgf\math\pgfmathfunction
INFO:pdfexport:latexmk: s.code.tex
INFO:pdfexport:latexmk: (C:\Users\rahon\AppData\Roaming\MiKTeX\2.9\tex\generic\pgf\math\pgfmathfunction
INFO:pdfexport:latexmk: s.basic.code.tex)
INFO:pdfexport:latexmk: (C:\Users\rahon\AppData\Roaming\MiKTeX\2.9\tex\generic\pgf\math\pgfmathfunction
INFO:pdfexport:latexmk: s.trigonometric.code.tex)
INFO:pdfexport:latexmk: (C:\Users\rahon\AppData\Roaming\MiKTeX\2.9\tex\generic\pgf\math\pgfmathfunction
INFO:pdfexport:latexmk: s.random.code.tex)
INFO:pdfexport:latexmk: (C:\Users\rahon\AppData\Roaming\MiKTeX\2.9\tex\generic\pgf\math\pgfmathfunction
INFO:pdfexport:latexmk: s.comparison.code.tex)
INFO:pdfexport:latexmk: (C:\Users\rahon\AppData\Roaming\MiKTeX\2.9\tex\generic\pgf\math\pgfmathfunction
INFO:pdfexport:latexmk: s.base.code.tex)
INFO:pdfexport:latexmk: (C:\Users\rahon\AppData\Roaming\MiKTeX\2.9\tex\generic\pgf\math\pgfmathfunction
INFO:pdfexport:latexmk: s.round.code.tex)
INFO:pdfexport:latexmk: (C:\Users\rahon\AppData\Roaming\MiKTeX\2.9\tex\generic\pgf\math\pgfmathfunction
INFO:pdfexport:latexmk: s.misc.code.tex)
INFO:pdfexport:latexmk: (C:\Users\rahon\AppData\Roaming\MiKTeX\2.9\tex\generic\pgf\math\pgfmathfunction
INFO:pdfexport:latexmk: s.integerarithmetics.code.tex)))
INFO:pdfexport:latexmk: (C:\Users\rahon\AppData\Roaming\MiKTeX\2.9\tex\generic\pgf\math\pgfmathfloat.co
INFO:pdfexport:latexmk: de.tex))
INFO:pdfexport:latexmk: (C:\Users\rahon\AppData\Roaming\MiKTeX\2.9\tex\generic\pgf\basiclayer\pgfcorepo
INFO:pdfexport:latexmk: ints.code.tex)
INFO:pdfexport:latexmk: (C:\Users\rahon\AppData\Roaming\MiKTeX\2.9\tex\generic\pgf\basiclayer\pgfcorepa
INFO:pdfexport:latexmk: thconstruct.code.tex)
INFO:pdfexport:latexmk: (C:\Users\rahon\AppData\Roaming\MiKTeX\2.9\tex\generic\pgf\basiclayer\pgfcorepa
INFO:pdfexport:latexmk: thusage.code.tex)
INFO:pdfexport:latexmk: (C:\Users\rahon\AppData\Roaming\MiKTeX\2.9\tex\generic\pgf\basiclayer\pgfcoresc
INFO:pdfexport:latexmk: opes.code.tex)
INFO:pdfexport:latexmk: (C:\Users\rahon\AppData\Roaming\MiKTeX\2.9\tex\generic\pgf\basiclayer\pgfcoregr
INFO:pdfexport:latexmk: aphicstate.code.tex)
INFO:pdfexport:latexmk: (C:\Users\rahon\AppData\Roaming\MiKTeX\2.9\tex\generic\pgf\basiclayer\pgfcoretr
INFO:pdfexport:latexmk: ansformations.code.tex)
INFO:pdfexport:latexmk: (C:\Users\rahon\AppData\Roaming\MiKTeX\2.9\tex\generic\pgf\basiclayer\pgfcorequ
INFO:pdfexport:latexmk: ick.code.tex)
INFO:pdfexport:latexmk: (C:\Users\rahon\AppData\Roaming\MiKTeX\2.9\tex\generic\pgf\basiclayer\pgfcoreob
INFO:pdfexport:latexmk: jects.code.tex)
INFO:pdfexport:latexmk: (C:\Users\rahon\AppData\Roaming\MiKTeX\2.9\tex\generic\pgf\basiclayer\pgfcorepa
INFO:pdfexport:latexmk: thprocessing.code.tex)
INFO:pdfexport:latexmk: (C:\Users\rahon\AppData\Roaming\MiKTeX\2.9\tex\generic\pgf\basiclayer\pgfcorear
INFO:pdfexport:latexmk: rows.code.tex)
INFO:pdfexport:latexmk: (C:\Users\rahon\AppData\Roaming\MiKTeX\2.9\tex\generic\pgf\basiclayer\pgfcoresh
INFO:pdfexport:latexmk: ade.code.tex)
INFO:pdfexport:latexmk: (C:\Users\rahon\AppData\Roaming\MiKTeX\2.9\tex\generic\pgf\basiclayer\pgfcoreim
INFO:pdfexport:latexmk: age.code.tex
INFO:pdfexport:latexmk: (C:\Users\rahon\AppData\Roaming\MiKTeX\2.9\tex\generic\pgf\basiclayer\pgfcoreex
INFO:pdfexport:latexmk: ternal.code.tex))
INFO:pdfexport:latexmk: (C:\Users\rahon\AppData\Roaming\MiKTeX\2.9\tex\generic\pgf\basiclayer\pgfcorela
INFO:pdfexport:latexmk: yers.code.tex)
INFO:pdfexport:latexmk: (C:\Users\rahon\AppData\Roaming\MiKTeX\2.9\tex\generic\pgf\basiclayer\pgfcoretr
INFO:pdfexport:latexmk: ansparency.code.tex)
INFO:pdfexport:latexmk: (C:\Users\rahon\AppData\Roaming\MiKTeX\2.9\tex\generic\pgf\basiclayer\pgfcorepa
INFO:pdfexport:latexmk: tterns.code.tex)))
INFO:pdfexport:latexmk: (C:\Users\rahon\AppData\Roaming\MiKTeX\2.9\tex\generic\pgf\modules\pgfmodulesha
INFO:pdfexport:latexmk: pes.code.tex)
INFO:pdfexport:latexmk: (C:\Users\rahon\AppData\Roaming\MiKTeX\2.9\tex\generic\pgf\modules\pgfmoduleplo
INFO:pdfexport:latexmk: t.code.tex)
INFO:pdfexport:latexmk: (C:\Users\rahon\AppData\Roaming\MiKTeX\2.9\tex\latex\pgf\compatibility\pgfcomp-
INFO:pdfexport:latexmk: version-0-65.sty)
INFO:pdfexport:latexmk: (C:\Users\rahon\AppData\Roaming\MiKTeX\2.9\tex\latex\pgf\compatibility\pgfcomp-
INFO:pdfexport:latexmk: version-1-18.sty))
INFO:pdfexport:latexmk: (C:\Users\rahon\AppData\Roaming\MiKTeX\2.9\tex\latex\pgf\utilities\pgffor.sty
INFO:pdfexport:latexmk: (C:\Users\rahon\AppData\Roaming\MiKTeX\2.9\tex\latex\pgf\utilities\pgfkeys.sty
INFO:pdfexport:latexmk: (C:\Users\rahon\AppData\Roaming\MiKTeX\2.9\tex\generic\pgf\utilities\pgfkeys.co
INFO:pdfexport:latexmk: de.tex))
INFO:pdfexport:latexmk: (C:\Users\rahon\AppData\Roaming\MiKTeX\2.9\tex\latex\pgf\math\pgfmath.sty
INFO:pdfexport:latexmk: (C:\Users\rahon\AppData\Roaming\MiKTeX\2.9\tex\generic\pgf\math\pgfmath.code.te
INFO:pdfexport:latexmk: x))
INFO:pdfexport:latexmk: (C:\Users\rahon\AppData\Roaming\MiKTeX\2.9\tex\generic\pgf\utilities\pgffor.cod
INFO:pdfexport:latexmk: e.tex
INFO:pdfexport:latexmk: (C:\Users\rahon\AppData\Roaming\MiKTeX\2.9\tex\generic\pgf\math\pgfmath.code.te
INFO:pdfexport:latexmk: x)))
INFO:pdfexport:latexmk: (C:\Users\rahon\AppData\Roaming\MiKTeX\2.9\tex\generic\pgf\frontendlayer\tikz\t
INFO:pdfexport:latexmk: ikz.code.tex
INFO:pdfexport:latexmk: (C:\Users\rahon\AppData\Roaming\MiKTeX\2.9\tex\generic\pgf\libraries\pgflibrary
INFO:pdfexport:latexmk: plothandlers.code.tex)
INFO:pdfexport:latexmk: (C:\Users\rahon\AppData\Roaming\MiKTeX\2.9\tex\generic\pgf\modules\pgfmodulemat
INFO:pdfexport:latexmk: rix.code.tex)
INFO:pdfexport:latexmk: (C:\Users\rahon\AppData\Roaming\MiKTeX\2.9\tex\generic\pgf\frontendlayer\tikz\l
INFO:pdfexport:latexmk: ibraries\tikzlibrarytopaths.code.tex)))
INFO:pdfexport:latexmk: (C:\Users\rahon\AppData\Roaming\MiKTeX\2.9\tex\generic\pgf\frontendlayer\tikz\l
INFO:pdfexport:latexmk: ibraries\tikzlibrarypositioning.code.tex)
INFO:pdfexport:latexmk: (C:\Users\rahon\AppData\Roaming\MiKTeX\2.9\tex\generic\pgf\frontendlayer\tikz\l
INFO:pdfexport:latexmk: ibraries\tikzlibraryshadows.code.tex
INFO:pdfexport:latexmk: (C:\Users\rahon\AppData\Roaming\MiKTeX\2.9\tex\generic\pgf\frontendlayer\tikz\l
INFO:pdfexport:latexmk: ibraries\tikzlibraryfadings.code.tex
INFO:pdfexport:latexmk: (C:\Users\rahon\AppData\Roaming\MiKTeX\2.9\tex\generic\pgf\libraries\pgflibrary
INFO:pdfexport:latexmk: fadings.code.tex))) ("C:\Program Files\MiKTeX 2.9\tex\latex\tools\calc.sty"))
INFO:pdfexport:latexmk: (C:\Users\rahon\AppData\Roaming\MiKTeX\2.9\tex\latex\chngcntr\chngcntr.sty)
INFO:pdfexport:latexmk: (C:\Users\rahon\AppData\Roaming\MiKTeX\2.9\tex\latex\koma-script\scrlayer-scrpa
INFO:pdfexport:latexmk: ge.sty
INFO:pdfexport:latexmk: (C:\Users\rahon\AppData\Roaming\MiKTeX\2.9\tex\latex\koma-script\scrlayer.sty))
INFO:pdfexport:latexmk: (C:\Users\rahon\AppData\Roaming\MiKTeX\2.9\tex\latex\apacite\apacite.sty)
INFO:pdfexport:latexmk: (C:\Users\rahon\AppData\Roaming\MiKTeX\2.9\tex\latex\natbib\natbib.sty)
INFO:pdfexport:latexmk: (C:\Users\rahon\AppData\Roaming\MiKTeX\2.9\tex\latex\doi\doi.sty)
INFO:pdfexport:latexmk: (C:\Users\rahon\AppData\Roaming\MiKTeX\2.9\tex\latex\caption\newfloat.sty)
INFO:pdfexport:latexmk: (C:\Users\rahon\AppData\Roaming\MiKTeX\2.9\tex\latex\listings\listings.sty
INFO:pdfexport:latexmk: (C:\Users\rahon\AppData\Roaming\MiKTeX\2.9\tex\latex\listings\lstmisc.sty)
INFO:pdfexport:latexmk: (C:\Users\rahon\AppData\Roaming\MiKTeX\2.9\tex\latex\listings\listings.cfg))
INFO:pdfexport:latexmk: (C:\Users\rahon\AppData\Roaming\MiKTeX\2.9\tex\latex\mdframed\mdframed.sty
INFO:pdfexport:latexmk: (C:\Users\rahon\AppData\Roaming\MiKTeX\2.9\tex\latex\l3packages\xparse\xparse.s
INFO:pdfexport:latexmk: ty (C:\Users\rahon\AppData\Roaming\MiKTeX\2.9\tex\latex\l3kernel\expl3.sty
INFO:pdfexport:latexmk: (C:\Users\rahon\AppData\Roaming\MiKTeX\2.9\tex\latex\l3kernel\expl3-code.tex)
INFO:pdfexport:latexmk: (C:\Users\rahon\AppData\Roaming\MiKTeX\2.9\tex\latex\l3kernel\l3pdfmode.def)))
INFO:pdfexport:latexmk: ("C:\Program Files\MiKTeX 2.9\tex\latex\oberdiek\zref-abspage.sty"
INFO:pdfexport:latexmk: ("C:\Program Files\MiKTeX 2.9\tex\latex\oberdiek\zref-base.sty"))
INFO:pdfexport:latexmk: (C:\Users\rahon\AppData\Roaming\MiKTeX\2.9\tex\latex\needspace\needspace.sty)
INFO:pdfexport:latexmk: (C:\Users\rahon\AppData\Roaming\MiKTeX\2.9\tex\latex\mdframed\md-frame-1.mdf))
INFO:pdfexport:latexmk: ("C:\Program Files\MiKTeX 2.9\tex\latex\geometry\geometry.sty"
INFO:pdfexport:latexmk: ("C:\Program Files\MiKTeX 2.9\tex\latex\geometry\geometry.cfg"))
INFO:pdfexport:latexmk: (C:\Users\rahon\AppData\Roaming\MiKTeX\2.9\tex\latex\cleveref\cleveref.sty)
INFO:pdfexport:latexmk: (template.aux) ("C:\Program Files\MiKTeX 2.9\tex\latex\base\ts1cmr.fd")
INFO:pdfexport:latexmk: ("C:\Program Files\MiKTeX 2.9\tex\latex\psnfss\t1ppl.fd")
INFO:pdfexport:latexmk: (C:\Users\rahon\AppData\Roaming\MiKTeX\2.9\tex\context\base\supp-pdf.mkii
INFO:pdfexport:latexmk: [Loading MPS to PDF converter (version 2006.09.02).]
INFO:pdfexport:latexmk: ) ("C:\Program Files\MiKTeX 2.9\tex\latex\oberdiek\epstopdf-base.sty"
INFO:pdfexport:latexmk: ("C:\Program Files\MiKTeX 2.9\tex\latex\oberdiek\grfext.sty"))
INFO:pdfexport:latexmk: (C:\Users\rahon\AppData\Roaming\MiKTeX\2.9\tex\latex\caption\ltcaption.sty)
INFO:pdfexport:latexmk: (C:\Users\rahon\AppData\Roaming\MiKTeX\2.9\tex\latex\ucs\ucsencs.def)
INFO:pdfexport:latexmk: ("C:\Program Files\MiKTeX 2.9\tex\latex\hyperref\nameref.sty"
INFO:pdfexport:latexmk: ("C:\Program Files\MiKTeX 2.9\tex\generic\oberdiek\gettitlestring.sty"))
INFO:pdfexport:latexmk: (template.out) (template.out)
INFO:pdfexport:latexmk: (C:\Users\rahon\AppData\Roaming\MiKTeX\2.9\tex\latex\translations\dicts\transla
INFO:pdfexport:latexmk: tions-basic-dictionary-english.trsl)
INFO:pdfexport:latexmk: (C:\Users\rahon\AppData\Roaming\MiKTeX\2.9\tex\latex\microtype\mt-ppl.cfg)
INFO:pdfexport:latexmk: ABD: EveryShipout initializing macros
INFO:pdfexport:latexmk: (C:\Users\rahon\AppData\Roaming\MiKTeX\2.9\tex\latex\apacite\english.apc)
INFO:pdfexport:latexmk: *geometry* driver: auto-detecting
INFO:pdfexport:latexmk: *geometry* detected driver: pdftex
INFO:pdfexport:latexmk: ("C:\Program Files\MiKTeX 2.9\tex\latex\psnfss\ot1ppl.fd")
INFO:pdfexport:latexmk: ("C:\Program Files\MiKTeX 2.9\tex\latex\psnfss\omlzplm.fd")
INFO:pdfexport:latexmk: ("C:\Program Files\MiKTeX 2.9\tex\latex\psnfss\omszplm.fd")
INFO:pdfexport:latexmk: ("C:\Program Files\MiKTeX 2.9\tex\latex\psnfss\omxzplm.fd")
INFO:pdfexport:latexmk: ("C:\Program Files\MiKTeX 2.9\tex\latex\psnfss\ot1zplm.fd")
INFO:pdfexport:latexmk: (C:\Users\rahon\AppData\Roaming\MiKTeX\2.9\tex\latex\microtype\mt-msa.cfg)
INFO:pdfexport:latexmk: (C:\Users\rahon\AppData\Roaming\MiKTeX\2.9\tex\latex\microtype\mt-msb.cfg)
INFO:pdfexport:latexmk: [1{C:/Users/rahon/AppData/Local/MiKTeX/2.9/pdftex/config/pdftex.map} <./templat
INFO:pdfexport:latexmk: e_files/princeton_logo.pdf>] (template.toc) [2]
INFO:pdfexport:latexmk: ("C:\Program Files\MiKTeX 2.9\tex\latex\base\t1cmtt.fd") [3]
INFO:pdfexport:latexmk: ("C:\Program Files\MiKTeX 2.9\tex\latex\psnfss\ts1ppl.fd")
INFO:pdfexport:latexmk: Overfull \hbox (9.49997pt too wide) in paragraph at lines 549--549
INFO:pdfexport:latexmk: []
INFO:pdfexport:latexmk: [4]
INFO:pdfexport:latexmk: 
INFO:pdfexport:latexmk: Package natbib Warning: Citation `uddenbergTelefaceSerialReproduction2018' on p
INFO:pdfexport:latexmk: age 5 undefined on input line 583.
INFO:pdfexport:latexmk: 
INFO:pdfexport:latexmk: ("C:\Program Files\MiKTeX 2.9\tex\latex\base\ts1cmtt.fd")
INFO:pdfexport:latexmk: Underfull \hbox (badness 10000) in paragraph at lines 596--600
INFO:pdfexport:latexmk: []\T1/ppl/m/n/10 (+20) Figures can be dis-played with com-mands like \T1/cmtt/m
INFO:pdfexport:latexmk: /n/10 display(SVG("filename.svg")) \T1/ppl/m/n/10 (+20) or
INFO:pdfexport:latexmk: [5] (C:\Users\rahon\AppData\Roaming\MiKTeX\2.9\tex\latex\listings\lstlang1.sty)
INFO:pdfexport:latexmk: [6 <./template_files/output_10_0.pdf>] (template.bbl [7])
INFO:pdfexport:latexmk: 
INFO:pdfexport:latexmk: Package natbib Warning: There were undefined citations.
INFO:pdfexport:latexmk: 
INFO:pdfexport:latexmk: [8] (template.aux
INFO:pdfexport:latexmk: 
INFO:pdfexport:latexmk: Package natbib Warning: Citation(s) may have changed.
INFO:pdfexport:latexmk: (natbib)                Rerun to get citations correct.
INFO:pdfexport:latexmk: 
INFO:pdfexport:latexmk: ) )
INFO:pdfexport:latexmk: (see the transcript file for additional information){C:/Program Files/MiKTeX 2.
INFO:pdfexport:latexmk: 9/fonts/enc/dvips/cm-super/cm-super-ts1.enc}{C:/Program Files/MiKTeX 2.9/fonts/
INFO:pdfexport:latexmk: enc/dvips/cm-super/cm-super-t1.enc}{C:/Program Files/MiKTeX 2.9/fonts/enc/dvips
INFO:pdfexport:latexmk: /base/8r.enc}<C:/Program Files/MiKTeX 2.9/fonts/type1/public/amsfonts/cm/cmr10.
INFO:pdfexport:latexmk: pfb><C:/Program Files/MiKTeX 2.9/fonts/type1/public/cm-super/sfit1000.pfb><C:/P
INFO:pdfexport:latexmk: rogram Files/MiKTeX 2.9/fonts/type1/public/cm-super/sftt0800.pfb><C:/Program Fi
INFO:pdfexport:latexmk: les/MiKTeX 2.9/fonts/type1/public/cm-super/sftt1000.pfb><C:/Program Files/MiKTe
INFO:pdfexport:latexmk: X 2.9/fonts/type1/urw/palatino/uplb8a.pfb><C:/Program Files/MiKTeX 2.9/fonts/ty
INFO:pdfexport:latexmk: pe1/urw/palatino/uplbi8a.pfb><C:/Program Files/MiKTeX 2.9/fonts/type1/urw/palat
INFO:pdfexport:latexmk: ino/uplr8a.pfb><C:/Program Files/MiKTeX 2.9/fonts/type1/urw/palatino/uplr8a.pfb
INFO:pdfexport:latexmk: ><C:/Program Files/MiKTeX 2.9/fonts/type1/urw/palatino/uplri8a.pfb>
INFO:pdfexport:latexmk: Output written on template.pdf (8 pages, 411802 bytes).
INFO:pdfexport:latexmk: Transcript written on template.log.
INFO:pdfexport:latexmk: Latexmk: Found input bbl file 'template.bbl'
INFO:pdfexport:latexmk: Latexmk: References changed.
INFO:pdfexport:latexmk: Latexmk: Log file says output to 'template.pdf'
INFO:pdfexport:latexmk: Latexmk: List of undefined refs and citations:
INFO:pdfexport:latexmk: Citation `uddenbergTelefaceSerialReproduction2018' on page 5 undefined on input line 583
INFO:pdfexport:latexmk: === TeX engine is 'pdfTeX'
INFO:pdfexport:latexmk: kpsewhich: warning: running with administrator privileges
INFO:pdfexport:latexmk: Latexmk: Found bibliography file(s) [template_files/ExampleBib.bib]
INFO:pdfexport:latexmk: Rule 'bibtex template': File changes, etc:
INFO:pdfexport:latexmk: Changed files, or newly in use since previous run(s):
INFO:pdfexport:latexmk: 'template.aux'
INFO:pdfexport:latexmk: ------------
INFO:pdfexport:latexmk: Run number 2 of rule 'bibtex template'
INFO:pdfexport:latexmk: ------------
INFO:pdfexport:latexmk: ------------
INFO:pdfexport:latexmk: Running 'bibtex  "template"'
INFO:pdfexport:latexmk: ------------
INFO:pdfexport:latexmk: Latexmk: applying rule 'bibtex template'...
INFO:pdfexport:latexmk: For rule 'bibtex template', running '&run_bibtex(  )' ...
INFO:pdfexport:latexmk: bibtex: warning: running with administrator privileges
INFO:pdfexport:latexmk: This is BibTeX, Version 0.99d (MiKTeX 2.9.6630 64-bit)
INFO:pdfexport:latexmk: The top-level auxiliary file: template.aux
INFO:pdfexport:latexmk: The style file: apacite.bst
INFO:pdfexport:latexmk: Database file #1: template_files/ExampleBib.bib
INFO:pdfexport:latexmk: apacite.bst [2013/07/21 v6.03 APA bibliography style]
INFO:pdfexport:latexmk: Rule 'pdflatex': File changes, etc:
INFO:pdfexport:latexmk: Changed files, or newly in use since previous run(s):
INFO:pdfexport:latexmk: 'template.aux'
INFO:pdfexport:latexmk: ------------
INFO:pdfexport:latexmk: Run number 3 of rule 'pdflatex'
INFO:pdfexport:latexmk: ------------
INFO:pdfexport:latexmk: ------------
INFO:pdfexport:latexmk: Running 'pdflatex  -recorder  "C:\Users\rahon\Dropbox (Princeton)\Projects\psipypublish\template\converted\template.tex"'
INFO:pdfexport:latexmk: ------------
INFO:pdfexport:latexmk: Latexmk: applying rule 'pdflatex'...
INFO:pdfexport:latexmk: pdflatex: warning: running with administrator privileges
INFO:pdfexport:latexmk: This is pdfTeX, Version 3.14159265-2.6-1.40.19 (MiKTeX 2.9.6630 64-bit)
INFO:pdfexport:latexmk: entering extended mode
INFO:pdfexport:latexmk: 
INFO:pdfexport:latexmk: ("C:/Users/rahon/Dropbox (Princeton)/Projects/psipypublish/template/converted/t
INFO:pdfexport:latexmk: emplate.tex"
INFO:pdfexport:latexmk: LaTeX2e <2017-04-15>
INFO:pdfexport:latexmk: Babel <3.18> and hyphenation patterns for 75 language(s) loaded.
INFO:pdfexport:latexmk: (C:\Users\rahon\AppData\Roaming\MiKTeX\2.9\tex\latex\koma-script\scrartcl.cls
INFO:pdfexport:latexmk: Document Class: scrartcl 2018/03/30 v3.25 KOMA-Script document class (article)
INFO:pdfexport:latexmk: (C:\Users\rahon\AppData\Roaming\MiKTeX\2.9\tex\latex\koma-script\scrkbase.sty
INFO:pdfexport:latexmk: (C:\Users\rahon\AppData\Roaming\MiKTeX\2.9\tex\latex\koma-script\scrbase.sty
INFO:pdfexport:latexmk: ("C:\Program Files\MiKTeX 2.9\tex\latex\graphics\keyval.sty")
INFO:pdfexport:latexmk: (C:\Users\rahon\AppData\Roaming\MiKTeX\2.9\tex\latex\koma-script\scrlfile.sty))
INFO:pdfexport:latexmk: ) (C:\Users\rahon\AppData\Roaming\MiKTeX\2.9\tex\latex\koma-script\tocbasic.sty
INFO:pdfexport:latexmk: )
INFO:pdfexport:latexmk: (C:\Users\rahon\AppData\Roaming\MiKTeX\2.9\tex\latex\koma-script\scrsize10pt.cl
INFO:pdfexport:latexmk: o)
INFO:pdfexport:latexmk: (C:\Users\rahon\AppData\Roaming\MiKTeX\2.9\tex\latex\koma-script\typearea.sty))
INFO:pdfexport:latexmk: ("C:\Program Files\MiKTeX 2.9\tex\latex\base\fontenc.sty"
INFO:pdfexport:latexmk: ("C:\Program Files\MiKTeX 2.9\tex\latex\base\t1enc.def"))
INFO:pdfexport:latexmk: ("C:\Program Files\MiKTeX 2.9\tex\latex\psnfss\mathpazo.sty")
INFO:pdfexport:latexmk: ("C:\Program Files\MiKTeX 2.9\tex\latex\graphics\graphicx.sty"
INFO:pdfexport:latexmk: ("C:\Program Files\MiKTeX 2.9\tex\latex\graphics\graphics.sty"
INFO:pdfexport:latexmk: ("C:\Program Files\MiKTeX 2.9\tex\latex\graphics\trig.sty")
INFO:pdfexport:latexmk: ("C:\Program Files\MiKTeX 2.9\tex\latex\graphics-cfg\graphics.cfg")
INFO:pdfexport:latexmk: ("C:\Program Files\MiKTeX 2.9\tex\latex\graphics-def\pdftex.def")))
INFO:pdfexport:latexmk: (C:\Users\rahon\AppData\Roaming\MiKTeX\2.9\tex\latex\caption\caption.sty
INFO:pdfexport:latexmk: (C:\Users\rahon\AppData\Roaming\MiKTeX\2.9\tex\latex\caption\caption3.sty))
INFO:pdfexport:latexmk: (C:\Users\rahon\AppData\Roaming\MiKTeX\2.9\tex\latex\adjustbox\adjustbox.sty
INFO:pdfexport:latexmk: ("C:\Program Files\MiKTeX 2.9\tex\latex\xkeyval\xkeyval.sty"
INFO:pdfexport:latexmk: ("C:\Program Files\MiKTeX 2.9\tex\generic\xkeyval\xkeyval.tex"
INFO:pdfexport:latexmk: ("C:\Program Files\MiKTeX 2.9\tex\generic\xkeyval\xkvutils.tex")))
INFO:pdfexport:latexmk: (C:\Users\rahon\AppData\Roaming\MiKTeX\2.9\tex\latex\adjustbox\adjcalc.sty)
INFO:pdfexport:latexmk: (C:\Users\rahon\AppData\Roaming\MiKTeX\2.9\tex\latex\adjustbox\trimclip.sty
INFO:pdfexport:latexmk: (C:\Users\rahon\AppData\Roaming\MiKTeX\2.9\tex\latex\collectbox\collectbox.sty)
INFO:pdfexport:latexmk: (C:\Users\rahon\AppData\Roaming\MiKTeX\2.9\tex\latex\adjustbox\tc-pdftex.def))
INFO:pdfexport:latexmk: (C:\Users\rahon\AppData\Roaming\MiKTeX\2.9\tex\latex\ifoddpage\ifoddpage.sty)
INFO:pdfexport:latexmk: ("C:\Program Files\MiKTeX 2.9\tex\latex\ltxmisc\varwidth.sty"))
INFO:pdfexport:latexmk: (C:\Users\rahon\AppData\Roaming\MiKTeX\2.9\tex\latex\xcolor\xcolor.sty
INFO:pdfexport:latexmk: ("C:\Program Files\MiKTeX 2.9\tex\latex\graphics-cfg\color.cfg")
INFO:pdfexport:latexmk: (C:\Users\rahon\AppData\Roaming\MiKTeX\2.9\tex\latex\colortbl\colortbl.sty
INFO:pdfexport:latexmk: ("C:\Program Files\MiKTeX 2.9\tex\latex\tools\array.sty")))
INFO:pdfexport:latexmk: ("C:\Program Files\MiKTeX 2.9\tex\latex\tools\enumerate.sty")
INFO:pdfexport:latexmk: ("C:\Program Files\MiKTeX 2.9\tex\latex\amsmath\amsmath.sty"
INFO:pdfexport:latexmk: For additional information on amsmath, use the `?' option.
INFO:pdfexport:latexmk: ("C:\Program Files\MiKTeX 2.9\tex\latex\amsmath\amstext.sty"
INFO:pdfexport:latexmk: ("C:\Program Files\MiKTeX 2.9\tex\latex\amsmath\amsgen.sty"))
INFO:pdfexport:latexmk: ("C:\Program Files\MiKTeX 2.9\tex\latex\amsmath\amsbsy.sty")
INFO:pdfexport:latexmk: ("C:\Program Files\MiKTeX 2.9\tex\latex\amsmath\amsopn.sty"))
INFO:pdfexport:latexmk: ("C:\Program Files\MiKTeX 2.9\tex\latex\amsfonts\amssymb.sty"
INFO:pdfexport:latexmk: ("C:\Program Files\MiKTeX 2.9\tex\latex\amsfonts\amsfonts.sty"))
INFO:pdfexport:latexmk: ("C:\Program Files\MiKTeX 2.9\tex\latex\base\textcomp.sty"
INFO:pdfexport:latexmk: ("C:\Program Files\MiKTeX 2.9\tex\latex\base\ts1enc.def"))
INFO:pdfexport:latexmk: (C:\Users\rahon\AppData\Roaming\MiKTeX\2.9\tex\latex\upquote\upquote.sty)
INFO:pdfexport:latexmk: ("C:\Program Files\MiKTeX 2.9\tex\latex\eurosym\eurosym.sty")
INFO:pdfexport:latexmk: (C:\Users\rahon\AppData\Roaming\MiKTeX\2.9\tex\latex\ucs\ucs.sty
INFO:pdfexport:latexmk: (C:\Users\rahon\AppData\Roaming\MiKTeX\2.9\tex\latex\ucs\uni-global.def))
INFO:pdfexport:latexmk: ("C:\Program Files\MiKTeX 2.9\tex\latex\base\inputenc.sty"
INFO:pdfexport:latexmk: (C:\Users\rahon\AppData\Roaming\MiKTeX\2.9\tex\latex\ucs\utf8x.def))
INFO:pdfexport:latexmk: (C:\Users\rahon\AppData\Roaming\MiKTeX\2.9\tex\latex\fancyvrb\fancyvrb.sty
INFO:pdfexport:latexmk: Style option: `fancyvrb' v2.7a, with DG/SPQR fixes, and firstline=lastline fix
INFO:pdfexport:latexmk: <2008/02/07> (tvz)) ("C:\Program Files\MiKTeX 2.9\tex\latex\oberdiek\grffile.st
INFO:pdfexport:latexmk: y" ("C:\Program Files\MiKTeX 2.9\tex\generic\oberdiek\ifpdf.sty")
INFO:pdfexport:latexmk: ("C:\Program Files\MiKTeX 2.9\tex\generic\ifxetex\ifxetex.sty")
INFO:pdfexport:latexmk: ("C:\Program Files\MiKTeX 2.9\tex\latex\oberdiek\kvoptions.sty"
INFO:pdfexport:latexmk: ("C:\Program Files\MiKTeX 2.9\tex\generic\oberdiek\ltxcmds.sty")
INFO:pdfexport:latexmk: ("C:\Program Files\MiKTeX 2.9\tex\generic\oberdiek\kvsetkeys.sty"
INFO:pdfexport:latexmk: ("C:\Program Files\MiKTeX 2.9\tex\generic\oberdiek\infwarerr.sty")
INFO:pdfexport:latexmk: ("C:\Program Files\MiKTeX 2.9\tex\generic\oberdiek\etexcmds.sty"
INFO:pdfexport:latexmk: ("C:\Program Files\MiKTeX 2.9\tex\generic\oberdiek\ifluatex.sty"))))
INFO:pdfexport:latexmk: ("C:\Program Files\MiKTeX 2.9\tex\generic\oberdiek\pdftexcmds.sty"))
INFO:pdfexport:latexmk: ("C:\Program Files\MiKTeX 2.9\tex\latex\hyperref\hyperref.sty"
INFO:pdfexport:latexmk: ("C:\Program Files\MiKTeX 2.9\tex\generic\oberdiek\hobsub-hyperref.sty"
INFO:pdfexport:latexmk: ("C:\Program Files\MiKTeX 2.9\tex\generic\oberdiek\hobsub-generic.sty"))
INFO:pdfexport:latexmk: ("C:\Program Files\MiKTeX 2.9\tex\latex\oberdiek\auxhook.sty")
INFO:pdfexport:latexmk: ("C:\Program Files\MiKTeX 2.9\tex\latex\hyperref\pd1enc.def")
INFO:pdfexport:latexmk: ("C:\Program Files\MiKTeX 2.9\tex\latex\00miktex\hyperref.cfg")
INFO:pdfexport:latexmk: (C:\Users\rahon\AppData\Roaming\MiKTeX\2.9\tex\latex\url\url.sty))
INFO:pdfexport:latexmk: ("C:\Program Files\MiKTeX 2.9\tex\latex\hyperref\hpdftex.def"
INFO:pdfexport:latexmk: ("C:\Program Files\MiKTeX 2.9\tex\latex\oberdiek\rerunfilecheck.sty"))
INFO:pdfexport:latexmk: ("C:\Program Files\MiKTeX 2.9\tex\latex\tools\longtable.sty")
INFO:pdfexport:latexmk: (C:\Users\rahon\AppData\Roaming\MiKTeX\2.9\tex\latex\booktabs\booktabs.sty)
INFO:pdfexport:latexmk: (C:\Users\rahon\AppData\Roaming\MiKTeX\2.9\tex\latex\enumitem\enumitem.sty)
INFO:pdfexport:latexmk: (C:\Users\rahon\AppData\Roaming\MiKTeX\2.9\tex\latex\ulem\ulem.sty)
INFO:pdfexport:latexmk: (C:\Users\rahon\AppData\Roaming\MiKTeX\2.9\tex\latex\translations\translations.
INFO:pdfexport:latexmk: sty (C:\Users\rahon\AppData\Roaming\MiKTeX\2.9\tex\latex\etoolbox\etoolbox.sty)
INFO:pdfexport:latexmk: ) (C:\Users\rahon\AppData\Roaming\MiKTeX\2.9\tex\latex\microtype\microtype.sty
INFO:pdfexport:latexmk: (C:\Users\rahon\AppData\Roaming\MiKTeX\2.9\tex\latex\microtype\microtype-pdftex
INFO:pdfexport:latexmk: .def)
INFO:pdfexport:latexmk: (C:\Users\rahon\AppData\Roaming\MiKTeX\2.9\tex\latex\microtype\microtype.cfg))
INFO:pdfexport:latexmk: (C:\Users\rahon\AppData\Roaming\MiKTeX\2.9\tex\latex\placeins\placeins.sty)
INFO:pdfexport:latexmk: ("C:\Program Files\MiKTeX 2.9\tex\latex\float\float.sty")
INFO:pdfexport:latexmk: (C:\Users\rahon\AppData\Roaming\MiKTeX\2.9\tex\latex\todonotes\todonotes.sty
INFO:pdfexport:latexmk: ("C:\Program Files\MiKTeX 2.9\tex\latex\base\ifthen.sty")
INFO:pdfexport:latexmk: (C:\Users\rahon\AppData\Roaming\MiKTeX\2.9\tex\latex\pgf\frontendlayer\tikz.sty
INFO:pdfexport:latexmk: (C:\Users\rahon\AppData\Roaming\MiKTeX\2.9\tex\latex\pgf\basiclayer\pgf.sty
INFO:pdfexport:latexmk: (C:\Users\rahon\AppData\Roaming\MiKTeX\2.9\tex\latex\pgf\utilities\pgfrcs.sty
INFO:pdfexport:latexmk: (C:\Users\rahon\AppData\Roaming\MiKTeX\2.9\tex\generic\pgf\utilities\pgfutil-co
INFO:pdfexport:latexmk: mmon.tex
INFO:pdfexport:latexmk: (C:\Users\rahon\AppData\Roaming\MiKTeX\2.9\tex\generic\pgf\utilities\pgfutil-co
INFO:pdfexport:latexmk: mmon-lists.tex))
INFO:pdfexport:latexmk: (C:\Users\rahon\AppData\Roaming\MiKTeX\2.9\tex\generic\pgf\utilities\pgfutil-la
INFO:pdfexport:latexmk: tex.def (C:\Users\rahon\AppData\Roaming\MiKTeX\2.9\tex\latex\ms\everyshi.sty))
INFO:pdfexport:latexmk: (C:\Users\rahon\AppData\Roaming\MiKTeX\2.9\tex\generic\pgf\utilities\pgfrcs.cod
INFO:pdfexport:latexmk: e.tex))
INFO:pdfexport:latexmk: (C:\Users\rahon\AppData\Roaming\MiKTeX\2.9\tex\latex\pgf\basiclayer\pgfcore.sty
INFO:pdfexport:latexmk: 
INFO:pdfexport:latexmk: (C:\Users\rahon\AppData\Roaming\MiKTeX\2.9\tex\latex\pgf\systemlayer\pgfsys.sty
INFO:pdfexport:latexmk: 
INFO:pdfexport:latexmk: (C:\Users\rahon\AppData\Roaming\MiKTeX\2.9\tex\generic\pgf\systemlayer\pgfsys.c
INFO:pdfexport:latexmk: ode.tex
INFO:pdfexport:latexmk: (C:\Users\rahon\AppData\Roaming\MiKTeX\2.9\tex\generic\pgf\utilities\pgfkeys.co
INFO:pdfexport:latexmk: de.tex
INFO:pdfexport:latexmk: (C:\Users\rahon\AppData\Roaming\MiKTeX\2.9\tex\generic\pgf\utilities\pgfkeysfil
INFO:pdfexport:latexmk: tered.code.tex))
INFO:pdfexport:latexmk: (C:\Users\rahon\AppData\Roaming\MiKTeX\2.9\tex\generic\pgf\systemlayer\pgf.cfg)
INFO:pdfexport:latexmk: 
INFO:pdfexport:latexmk: (C:\Users\rahon\AppData\Roaming\MiKTeX\2.9\tex\generic\pgf\systemlayer\pgfsys-p
INFO:pdfexport:latexmk: dftex.def
INFO:pdfexport:latexmk: (C:\Users\rahon\AppData\Roaming\MiKTeX\2.9\tex\generic\pgf\systemlayer\pgfsys-c
INFO:pdfexport:latexmk: ommon-pdf.def)))
INFO:pdfexport:latexmk: (C:\Users\rahon\AppData\Roaming\MiKTeX\2.9\tex\generic\pgf\systemlayer\pgfsysso
INFO:pdfexport:latexmk: ftpath.code.tex)
INFO:pdfexport:latexmk: (C:\Users\rahon\AppData\Roaming\MiKTeX\2.9\tex\generic\pgf\systemlayer\pgfsyspr
INFO:pdfexport:latexmk: otocol.code.tex))
INFO:pdfexport:latexmk: (C:\Users\rahon\AppData\Roaming\MiKTeX\2.9\tex\generic\pgf\basiclayer\pgfcore.c
INFO:pdfexport:latexmk: ode.tex
INFO:pdfexport:latexmk: (C:\Users\rahon\AppData\Roaming\MiKTeX\2.9\tex\generic\pgf\math\pgfmath.code.te
INFO:pdfexport:latexmk: x
INFO:pdfexport:latexmk: (C:\Users\rahon\AppData\Roaming\MiKTeX\2.9\tex\generic\pgf\math\pgfmathcalc.cod
INFO:pdfexport:latexmk: e.tex
INFO:pdfexport:latexmk: (C:\Users\rahon\AppData\Roaming\MiKTeX\2.9\tex\generic\pgf\math\pgfmathutil.cod
INFO:pdfexport:latexmk: e.tex)
INFO:pdfexport:latexmk: (C:\Users\rahon\AppData\Roaming\MiKTeX\2.9\tex\generic\pgf\math\pgfmathparser.c
INFO:pdfexport:latexmk: ode.tex)
INFO:pdfexport:latexmk: (C:\Users\rahon\AppData\Roaming\MiKTeX\2.9\tex\generic\pgf\math\pgfmathfunction
INFO:pdfexport:latexmk: s.code.tex
INFO:pdfexport:latexmk: (C:\Users\rahon\AppData\Roaming\MiKTeX\2.9\tex\generic\pgf\math\pgfmathfunction
INFO:pdfexport:latexmk: s.basic.code.tex)
INFO:pdfexport:latexmk: (C:\Users\rahon\AppData\Roaming\MiKTeX\2.9\tex\generic\pgf\math\pgfmathfunction
INFO:pdfexport:latexmk: s.trigonometric.code.tex)
INFO:pdfexport:latexmk: (C:\Users\rahon\AppData\Roaming\MiKTeX\2.9\tex\generic\pgf\math\pgfmathfunction
INFO:pdfexport:latexmk: s.random.code.tex)
INFO:pdfexport:latexmk: (C:\Users\rahon\AppData\Roaming\MiKTeX\2.9\tex\generic\pgf\math\pgfmathfunction
INFO:pdfexport:latexmk: s.comparison.code.tex)
INFO:pdfexport:latexmk: (C:\Users\rahon\AppData\Roaming\MiKTeX\2.9\tex\generic\pgf\math\pgfmathfunction
INFO:pdfexport:latexmk: s.base.code.tex)
INFO:pdfexport:latexmk: (C:\Users\rahon\AppData\Roaming\MiKTeX\2.9\tex\generic\pgf\math\pgfmathfunction
INFO:pdfexport:latexmk: s.round.code.tex)
INFO:pdfexport:latexmk: (C:\Users\rahon\AppData\Roaming\MiKTeX\2.9\tex\generic\pgf\math\pgfmathfunction
INFO:pdfexport:latexmk: s.misc.code.tex)
INFO:pdfexport:latexmk: (C:\Users\rahon\AppData\Roaming\MiKTeX\2.9\tex\generic\pgf\math\pgfmathfunction
INFO:pdfexport:latexmk: s.integerarithmetics.code.tex)))
INFO:pdfexport:latexmk: (C:\Users\rahon\AppData\Roaming\MiKTeX\2.9\tex\generic\pgf\math\pgfmathfloat.co
INFO:pdfexport:latexmk: de.tex))
INFO:pdfexport:latexmk: (C:\Users\rahon\AppData\Roaming\MiKTeX\2.9\tex\generic\pgf\basiclayer\pgfcorepo
INFO:pdfexport:latexmk: ints.code.tex)
INFO:pdfexport:latexmk: (C:\Users\rahon\AppData\Roaming\MiKTeX\2.9\tex\generic\pgf\basiclayer\pgfcorepa
INFO:pdfexport:latexmk: thconstruct.code.tex)
INFO:pdfexport:latexmk: (C:\Users\rahon\AppData\Roaming\MiKTeX\2.9\tex\generic\pgf\basiclayer\pgfcorepa
INFO:pdfexport:latexmk: thusage.code.tex)
INFO:pdfexport:latexmk: (C:\Users\rahon\AppData\Roaming\MiKTeX\2.9\tex\generic\pgf\basiclayer\pgfcoresc
INFO:pdfexport:latexmk: opes.code.tex)
INFO:pdfexport:latexmk: (C:\Users\rahon\AppData\Roaming\MiKTeX\2.9\tex\generic\pgf\basiclayer\pgfcoregr
INFO:pdfexport:latexmk: aphicstate.code.tex)
INFO:pdfexport:latexmk: (C:\Users\rahon\AppData\Roaming\MiKTeX\2.9\tex\generic\pgf\basiclayer\pgfcoretr
INFO:pdfexport:latexmk: ansformations.code.tex)
INFO:pdfexport:latexmk: (C:\Users\rahon\AppData\Roaming\MiKTeX\2.9\tex\generic\pgf\basiclayer\pgfcorequ
INFO:pdfexport:latexmk: ick.code.tex)
INFO:pdfexport:latexmk: (C:\Users\rahon\AppData\Roaming\MiKTeX\2.9\tex\generic\pgf\basiclayer\pgfcoreob
INFO:pdfexport:latexmk: jects.code.tex)
INFO:pdfexport:latexmk: (C:\Users\rahon\AppData\Roaming\MiKTeX\2.9\tex\generic\pgf\basiclayer\pgfcorepa
INFO:pdfexport:latexmk: thprocessing.code.tex)
INFO:pdfexport:latexmk: (C:\Users\rahon\AppData\Roaming\MiKTeX\2.9\tex\generic\pgf\basiclayer\pgfcorear
INFO:pdfexport:latexmk: rows.code.tex)
INFO:pdfexport:latexmk: (C:\Users\rahon\AppData\Roaming\MiKTeX\2.9\tex\generic\pgf\basiclayer\pgfcoresh
INFO:pdfexport:latexmk: ade.code.tex)
INFO:pdfexport:latexmk: (C:\Users\rahon\AppData\Roaming\MiKTeX\2.9\tex\generic\pgf\basiclayer\pgfcoreim
INFO:pdfexport:latexmk: age.code.tex
INFO:pdfexport:latexmk: (C:\Users\rahon\AppData\Roaming\MiKTeX\2.9\tex\generic\pgf\basiclayer\pgfcoreex
INFO:pdfexport:latexmk: ternal.code.tex))
INFO:pdfexport:latexmk: (C:\Users\rahon\AppData\Roaming\MiKTeX\2.9\tex\generic\pgf\basiclayer\pgfcorela
INFO:pdfexport:latexmk: yers.code.tex)
INFO:pdfexport:latexmk: (C:\Users\rahon\AppData\Roaming\MiKTeX\2.9\tex\generic\pgf\basiclayer\pgfcoretr
INFO:pdfexport:latexmk: ansparency.code.tex)
INFO:pdfexport:latexmk: (C:\Users\rahon\AppData\Roaming\MiKTeX\2.9\tex\generic\pgf\basiclayer\pgfcorepa
INFO:pdfexport:latexmk: tterns.code.tex)))
INFO:pdfexport:latexmk: (C:\Users\rahon\AppData\Roaming\MiKTeX\2.9\tex\generic\pgf\modules\pgfmodulesha
INFO:pdfexport:latexmk: pes.code.tex)
INFO:pdfexport:latexmk: (C:\Users\rahon\AppData\Roaming\MiKTeX\2.9\tex\generic\pgf\modules\pgfmoduleplo
INFO:pdfexport:latexmk: t.code.tex)
INFO:pdfexport:latexmk: (C:\Users\rahon\AppData\Roaming\MiKTeX\2.9\tex\latex\pgf\compatibility\pgfcomp-
INFO:pdfexport:latexmk: version-0-65.sty)
INFO:pdfexport:latexmk: (C:\Users\rahon\AppData\Roaming\MiKTeX\2.9\tex\latex\pgf\compatibility\pgfcomp-
INFO:pdfexport:latexmk: version-1-18.sty))
INFO:pdfexport:latexmk: (C:\Users\rahon\AppData\Roaming\MiKTeX\2.9\tex\latex\pgf\utilities\pgffor.sty
INFO:pdfexport:latexmk: (C:\Users\rahon\AppData\Roaming\MiKTeX\2.9\tex\latex\pgf\utilities\pgfkeys.sty
INFO:pdfexport:latexmk: (C:\Users\rahon\AppData\Roaming\MiKTeX\2.9\tex\generic\pgf\utilities\pgfkeys.co
INFO:pdfexport:latexmk: de.tex))
INFO:pdfexport:latexmk: (C:\Users\rahon\AppData\Roaming\MiKTeX\2.9\tex\latex\pgf\math\pgfmath.sty
INFO:pdfexport:latexmk: (C:\Users\rahon\AppData\Roaming\MiKTeX\2.9\tex\generic\pgf\math\pgfmath.code.te
INFO:pdfexport:latexmk: x))
INFO:pdfexport:latexmk: (C:\Users\rahon\AppData\Roaming\MiKTeX\2.9\tex\generic\pgf\utilities\pgffor.cod
INFO:pdfexport:latexmk: e.tex
INFO:pdfexport:latexmk: (C:\Users\rahon\AppData\Roaming\MiKTeX\2.9\tex\generic\pgf\math\pgfmath.code.te
INFO:pdfexport:latexmk: x)))
INFO:pdfexport:latexmk: (C:\Users\rahon\AppData\Roaming\MiKTeX\2.9\tex\generic\pgf\frontendlayer\tikz\t
INFO:pdfexport:latexmk: ikz.code.tex
INFO:pdfexport:latexmk: (C:\Users\rahon\AppData\Roaming\MiKTeX\2.9\tex\generic\pgf\libraries\pgflibrary
INFO:pdfexport:latexmk: plothandlers.code.tex)
INFO:pdfexport:latexmk: (C:\Users\rahon\AppData\Roaming\MiKTeX\2.9\tex\generic\pgf\modules\pgfmodulemat
INFO:pdfexport:latexmk: rix.code.tex)
INFO:pdfexport:latexmk: (C:\Users\rahon\AppData\Roaming\MiKTeX\2.9\tex\generic\pgf\frontendlayer\tikz\l
INFO:pdfexport:latexmk: ibraries\tikzlibrarytopaths.code.tex)))
INFO:pdfexport:latexmk: (C:\Users\rahon\AppData\Roaming\MiKTeX\2.9\tex\generic\pgf\frontendlayer\tikz\l
INFO:pdfexport:latexmk: ibraries\tikzlibrarypositioning.code.tex)
INFO:pdfexport:latexmk: (C:\Users\rahon\AppData\Roaming\MiKTeX\2.9\tex\generic\pgf\frontendlayer\tikz\l
INFO:pdfexport:latexmk: ibraries\tikzlibraryshadows.code.tex
INFO:pdfexport:latexmk: (C:\Users\rahon\AppData\Roaming\MiKTeX\2.9\tex\generic\pgf\frontendlayer\tikz\l
INFO:pdfexport:latexmk: ibraries\tikzlibraryfadings.code.tex
INFO:pdfexport:latexmk: (C:\Users\rahon\AppData\Roaming\MiKTeX\2.9\tex\generic\pgf\libraries\pgflibrary
INFO:pdfexport:latexmk: fadings.code.tex))) ("C:\Program Files\MiKTeX 2.9\tex\latex\tools\calc.sty"))
INFO:pdfexport:latexmk: (C:\Users\rahon\AppData\Roaming\MiKTeX\2.9\tex\latex\chngcntr\chngcntr.sty)
INFO:pdfexport:latexmk: (C:\Users\rahon\AppData\Roaming\MiKTeX\2.9\tex\latex\koma-script\scrlayer-scrpa
INFO:pdfexport:latexmk: ge.sty
INFO:pdfexport:latexmk: (C:\Users\rahon\AppData\Roaming\MiKTeX\2.9\tex\latex\koma-script\scrlayer.sty))
INFO:pdfexport:latexmk: (C:\Users\rahon\AppData\Roaming\MiKTeX\2.9\tex\latex\apacite\apacite.sty)
INFO:pdfexport:latexmk: (C:\Users\rahon\AppData\Roaming\MiKTeX\2.9\tex\latex\natbib\natbib.sty)
INFO:pdfexport:latexmk: (C:\Users\rahon\AppData\Roaming\MiKTeX\2.9\tex\latex\doi\doi.sty)
INFO:pdfexport:latexmk: (C:\Users\rahon\AppData\Roaming\MiKTeX\2.9\tex\latex\caption\newfloat.sty)
INFO:pdfexport:latexmk: (C:\Users\rahon\AppData\Roaming\MiKTeX\2.9\tex\latex\listings\listings.sty
INFO:pdfexport:latexmk: (C:\Users\rahon\AppData\Roaming\MiKTeX\2.9\tex\latex\listings\lstmisc.sty)
INFO:pdfexport:latexmk: (C:\Users\rahon\AppData\Roaming\MiKTeX\2.9\tex\latex\listings\listings.cfg))
INFO:pdfexport:latexmk: (C:\Users\rahon\AppData\Roaming\MiKTeX\2.9\tex\latex\mdframed\mdframed.sty
INFO:pdfexport:latexmk: (C:\Users\rahon\AppData\Roaming\MiKTeX\2.9\tex\latex\l3packages\xparse\xparse.s
INFO:pdfexport:latexmk: ty (C:\Users\rahon\AppData\Roaming\MiKTeX\2.9\tex\latex\l3kernel\expl3.sty
INFO:pdfexport:latexmk: (C:\Users\rahon\AppData\Roaming\MiKTeX\2.9\tex\latex\l3kernel\expl3-code.tex)
INFO:pdfexport:latexmk: (C:\Users\rahon\AppData\Roaming\MiKTeX\2.9\tex\latex\l3kernel\l3pdfmode.def)))
INFO:pdfexport:latexmk: ("C:\Program Files\MiKTeX 2.9\tex\latex\oberdiek\zref-abspage.sty"
INFO:pdfexport:latexmk: ("C:\Program Files\MiKTeX 2.9\tex\latex\oberdiek\zref-base.sty"))
INFO:pdfexport:latexmk: (C:\Users\rahon\AppData\Roaming\MiKTeX\2.9\tex\latex\needspace\needspace.sty)
INFO:pdfexport:latexmk: (C:\Users\rahon\AppData\Roaming\MiKTeX\2.9\tex\latex\mdframed\md-frame-1.mdf))
INFO:pdfexport:latexmk: ("C:\Program Files\MiKTeX 2.9\tex\latex\geometry\geometry.sty"
INFO:pdfexport:latexmk: ("C:\Program Files\MiKTeX 2.9\tex\latex\geometry\geometry.cfg"))
INFO:pdfexport:latexmk: (C:\Users\rahon\AppData\Roaming\MiKTeX\2.9\tex\latex\cleveref\cleveref.sty)
INFO:pdfexport:latexmk: (template.aux) ("C:\Program Files\MiKTeX 2.9\tex\latex\base\ts1cmr.fd")
INFO:pdfexport:latexmk: ("C:\Program Files\MiKTeX 2.9\tex\latex\psnfss\t1ppl.fd")
INFO:pdfexport:latexmk: (C:\Users\rahon\AppData\Roaming\MiKTeX\2.9\tex\context\base\supp-pdf.mkii
INFO:pdfexport:latexmk: [Loading MPS to PDF converter (version 2006.09.02).]
INFO:pdfexport:latexmk: ) ("C:\Program Files\MiKTeX 2.9\tex\latex\oberdiek\epstopdf-base.sty"
INFO:pdfexport:latexmk: ("C:\Program Files\MiKTeX 2.9\tex\latex\oberdiek\grfext.sty"))
INFO:pdfexport:latexmk: (C:\Users\rahon\AppData\Roaming\MiKTeX\2.9\tex\latex\caption\ltcaption.sty)
INFO:pdfexport:latexmk: (C:\Users\rahon\AppData\Roaming\MiKTeX\2.9\tex\latex\ucs\ucsencs.def)
INFO:pdfexport:latexmk: ("C:\Program Files\MiKTeX 2.9\tex\latex\hyperref\nameref.sty"
INFO:pdfexport:latexmk: ("C:\Program Files\MiKTeX 2.9\tex\generic\oberdiek\gettitlestring.sty"))
INFO:pdfexport:latexmk: (template.out) (template.out)
INFO:pdfexport:latexmk: (C:\Users\rahon\AppData\Roaming\MiKTeX\2.9\tex\latex\translations\dicts\transla
INFO:pdfexport:latexmk: tions-basic-dictionary-english.trsl)
INFO:pdfexport:latexmk: (C:\Users\rahon\AppData\Roaming\MiKTeX\2.9\tex\latex\microtype\mt-ppl.cfg)
INFO:pdfexport:latexmk: ABD: EveryShipout initializing macros
INFO:pdfexport:latexmk: (C:\Users\rahon\AppData\Roaming\MiKTeX\2.9\tex\latex\apacite\english.apc)
INFO:pdfexport:latexmk: *geometry* driver: auto-detecting
INFO:pdfexport:latexmk: *geometry* detected driver: pdftex
INFO:pdfexport:latexmk: ("C:\Program Files\MiKTeX 2.9\tex\latex\psnfss\ot1ppl.fd")
INFO:pdfexport:latexmk: ("C:\Program Files\MiKTeX 2.9\tex\latex\psnfss\omlzplm.fd")
INFO:pdfexport:latexmk: ("C:\Program Files\MiKTeX 2.9\tex\latex\psnfss\omszplm.fd")
INFO:pdfexport:latexmk: ("C:\Program Files\MiKTeX 2.9\tex\latex\psnfss\omxzplm.fd")
INFO:pdfexport:latexmk: ("C:\Program Files\MiKTeX 2.9\tex\latex\psnfss\ot1zplm.fd")
INFO:pdfexport:latexmk: (C:\Users\rahon\AppData\Roaming\MiKTeX\2.9\tex\latex\microtype\mt-msa.cfg)
INFO:pdfexport:latexmk: (C:\Users\rahon\AppData\Roaming\MiKTeX\2.9\tex\latex\microtype\mt-msb.cfg)
INFO:pdfexport:latexmk: [1{C:/Users/rahon/AppData/Local/MiKTeX/2.9/pdftex/config/pdftex.map} <./templat
INFO:pdfexport:latexmk: e_files/princeton_logo.pdf>] (template.toc) [2]
INFO:pdfexport:latexmk: ("C:\Program Files\MiKTeX 2.9\tex\latex\base\t1cmtt.fd") [3]
INFO:pdfexport:latexmk: ("C:\Program Files\MiKTeX 2.9\tex\latex\psnfss\ts1ppl.fd")
INFO:pdfexport:latexmk: Overfull \hbox (9.49997pt too wide) in paragraph at lines 549--549
INFO:pdfexport:latexmk: []
INFO:pdfexport:latexmk: [4] ("C:\Program Files\MiKTeX 2.9\tex\latex\base\ts1cmtt.fd")
INFO:pdfexport:latexmk: Underfull \hbox (badness 10000) in paragraph at lines 596--600
INFO:pdfexport:latexmk: []\T1/ppl/m/n/10 (+20) Figures can be dis-played with com-mands like \T1/cmtt/m
INFO:pdfexport:latexmk: /n/10 display(SVG("filename.svg")) \T1/ppl/m/n/10 (+20) or
INFO:pdfexport:latexmk: [5] (C:\Users\rahon\AppData\Roaming\MiKTeX\2.9\tex\latex\listings\lstlang1.sty)
INFO:pdfexport:latexmk: [6 <./template_files/output_10_0.pdf>] (template.bbl [7]) [8] (template.aux) )
INFO:pdfexport:latexmk: (see the transcript file for additional information){C:/Program Files/MiKTeX 2.
INFO:pdfexport:latexmk: 9/fonts/enc/dvips/cm-super/cm-super-ts1.enc}{C:/Program Files/MiKTeX 2.9/fonts/
INFO:pdfexport:latexmk: enc/dvips/cm-super/cm-super-t1.enc}{C:/Program Files/MiKTeX 2.9/fonts/enc/dvips
INFO:pdfexport:latexmk: /base/8r.enc}<C:/Program Files/MiKTeX 2.9/fonts/type1/public/amsfonts/cm/cmr10.
INFO:pdfexport:latexmk: pfb><C:/Program Files/MiKTeX 2.9/fonts/type1/public/cm-super/sfit1000.pfb><C:/P
INFO:pdfexport:latexmk: rogram Files/MiKTeX 2.9/fonts/type1/public/cm-super/sftt0800.pfb><C:/Program Fi
INFO:pdfexport:latexmk: les/MiKTeX 2.9/fonts/type1/public/cm-super/sftt1000.pfb><C:/Program Files/MiKTe
INFO:pdfexport:latexmk: X 2.9/fonts/type1/urw/palatino/uplb8a.pfb><C:/Program Files/MiKTeX 2.9/fonts/ty
INFO:pdfexport:latexmk: pe1/urw/palatino/uplbi8a.pfb><C:/Program Files/MiKTeX 2.9/fonts/type1/urw/palat
INFO:pdfexport:latexmk: ino/uplr8a.pfb><C:/Program Files/MiKTeX 2.9/fonts/type1/urw/palatino/uplr8a.pfb
INFO:pdfexport:latexmk: ><C:/Program Files/MiKTeX 2.9/fonts/type1/urw/palatino/uplri8a.pfb>
INFO:pdfexport:latexmk: Output written on template.pdf (8 pages, 411878 bytes).
INFO:pdfexport:latexmk: Transcript written on template.log.
INFO:pdfexport:latexmk: Latexmk: Found input bbl file 'template.bbl'
INFO:pdfexport:latexmk: Latexmk: Log file says output to 'template.pdf'
INFO:pdfexport:latexmk: === TeX engine is 'pdfTeX'
INFO:pdfexport:latexmk: kpsewhich: warning: running with administrator privileges
INFO:pdfexport:latexmk: Latexmk: Found bibliography file(s) [template_files/ExampleBib.bib]
INFO:pdfexport:latexmk: Latexmk: All targets (template.pdf) are up-to-date
INFO:pdfexport:pdf conversion complete
INFO:main:process finished successfully
